2017-01-15 11:53:24 INFO  ConnectionManager:43 - Connection pool initialized
  2017-01-15 11:53:24 INFO  ConnectionManager:56 - Server online!
  2017-01-15 11:53:24 INFO  LogHelper:31 - HHH000204: Processing PersistenceUnitInfo [
	name: edu.msg.bookland.jpa
	...]
  2017-01-15 11:53:24 INFO  Version:45 - HHH000412: Hibernate Core {5.2.6.Final}
  2017-01-15 11:53:24 INFO  Environment:213 - HHH000206: hibernate.properties not found
  2017-01-15 11:53:24 INFO  Version:66 - HCANN000001: Hibernate Commons Annotations {5.0.1.Final}
  2017-01-15 11:53:25 WARN  pooling:70 - HHH10001002: Using Hibernate built-in connection pool (not for production use!)
  2017-01-15 11:53:25 INFO  pooling:126 - HHH10001005: using driver [com.mysql.jdbc.Driver] at URL [jdbc:mysql://localhost:3306/library]
  2017-01-15 11:53:25 INFO  pooling:135 - HHH10001001: Connection properties: {user=library_admin, password=****}
  2017-01-15 11:53:25 INFO  pooling:140 - HHH10001003: Autocommit mode: false
  2017-01-15 11:53:25 INFO  DriverManagerConnectionProviderImpl:41 - HHH000115: Hibernate connection pool size: 20 (min=1)
  2017-01-15 11:53:25 INFO  Dialect:157 - HHH000400: Using dialect: org.hibernate.dialect.MySQLDialect
  2017-01-15 11:53:26 INFO  QueryTranslatorFactoryInitiator:47 - HHH000397: Using ASTQueryTranslatorFactory
  2017-01-16 10:41:39 INFO  LogHelper:31 - HHH000204: Processing PersistenceUnitInfo [
	name: bookland_jpa
	...]
  2017-01-16 10:41:40 INFO  Version:45 - HHH000412: Hibernate Core {5.2.6.Final}
  2017-01-16 10:41:40 INFO  Environment:213 - HHH000206: hibernate.properties not found
  2017-01-16 10:41:40 INFO  Version:66 - HCANN000001: Hibernate Commons Annotations {5.0.1.Final}
  2017-01-16 10:41:40 WARN  pooling:70 - HHH10001002: Using Hibernate built-in connection pool (not for production use!)
  2017-01-16 10:41:40 INFO  pooling:126 - HHH10001005: using driver [com.mysql.jdbc.Driver] at URL [jdbc:mysql://localhost:3306/library?useSSL=false]
  2017-01-16 10:41:40 INFO  pooling:135 - HHH10001001: Connection properties: {user=library_admin, password=****}
  2017-01-16 10:41:40 INFO  pooling:140 - HHH10001003: Autocommit mode: false
  2017-01-16 10:41:40 INFO  DriverManagerConnectionProviderImpl:41 - HHH000115: Hibernate connection pool size: 20 (min=1)
  2017-01-16 10:41:40 INFO  Dialect:157 - HHH000400: Using dialect: org.hibernate.dialect.MySQLDialect
  2017-01-16 10:41:40 INFO  LogHelper:31 - HHH000204: Processing PersistenceUnitInfo [
	name: bookland_jpa
	...]
  2017-01-16 10:41:40 WARN  pooling:70 - HHH10001002: Using Hibernate built-in connection pool (not for production use!)
  2017-01-16 10:41:40 INFO  pooling:126 - HHH10001005: using driver [com.mysql.jdbc.Driver] at URL [jdbc:mysql://localhost:3306/library?useSSL=false]
  2017-01-16 10:41:40 INFO  pooling:135 - HHH10001001: Connection properties: {user=library_admin, password=****}
  2017-01-16 10:41:40 INFO  pooling:140 - HHH10001003: Autocommit mode: false
  2017-01-16 10:41:40 INFO  DriverManagerConnectionProviderImpl:41 - HHH000115: Hibernate connection pool size: 20 (min=1)
  2017-01-16 10:41:41 INFO  Dialect:157 - HHH000400: Using dialect: org.hibernate.dialect.MySQLDialect
  2017-01-16 10:41:54 INFO  LogHelper:31 - HHH000204: Processing PersistenceUnitInfo [
	name: bookland_jpa
	...]
  2017-01-16 10:41:54 INFO  Version:45 - HHH000412: Hibernate Core {5.2.6.Final}
  2017-01-16 10:41:54 INFO  Environment:213 - HHH000206: hibernate.properties not found
  2017-01-16 10:41:54 INFO  Version:66 - HCANN000001: Hibernate Commons Annotations {5.0.1.Final}
  2017-01-16 10:41:54 WARN  pooling:70 - HHH10001002: Using Hibernate built-in connection pool (not for production use!)
  2017-01-16 10:41:54 INFO  pooling:126 - HHH10001005: using driver [com.mysql.jdbc.Driver] at URL [jdbc:mysql://localhost:3306/library?useSSL=false]
  2017-01-16 10:41:54 INFO  pooling:135 - HHH10001001: Connection properties: {user=library_admin, password=****}
  2017-01-16 10:41:54 INFO  pooling:140 - HHH10001003: Autocommit mode: false
  2017-01-16 10:41:54 INFO  DriverManagerConnectionProviderImpl:41 - HHH000115: Hibernate connection pool size: 20 (min=1)
  2017-01-16 10:41:54 INFO  Dialect:157 - HHH000400: Using dialect: org.hibernate.dialect.MySQLDialect
  2017-01-16 10:42:24 INFO  LogHelper:31 - HHH000204: Processing PersistenceUnitInfo [
	name: bookland_jpa
	...]
  2017-01-16 10:42:24 INFO  Version:45 - HHH000412: Hibernate Core {5.2.6.Final}
  2017-01-16 10:42:24 INFO  Environment:213 - HHH000206: hibernate.properties not found
  2017-01-16 10:42:24 INFO  Version:66 - HCANN000001: Hibernate Commons Annotations {5.0.1.Final}
  2017-01-16 10:42:25 WARN  pooling:70 - HHH10001002: Using Hibernate built-in connection pool (not for production use!)
  2017-01-16 10:42:25 INFO  pooling:126 - HHH10001005: using driver [com.mysql.jdbc.Driver] at URL [jdbc:mysql://localhost:3306/library?useSSL=false]
  2017-01-16 10:42:25 INFO  pooling:135 - HHH10001001: Connection properties: {user=library_admin, password=****}
  2017-01-16 10:42:25 INFO  pooling:140 - HHH10001003: Autocommit mode: false
  2017-01-16 10:42:25 INFO  DriverManagerConnectionProviderImpl:41 - HHH000115: Hibernate connection pool size: 20 (min=1)
  2017-01-16 10:42:25 INFO  Dialect:157 - HHH000400: Using dialect: org.hibernate.dialect.MySQLDialect
  2017-01-16 10:42:30 INFO  LogHelper:31 - HHH000204: Processing PersistenceUnitInfo [
	name: bookland_jpa
	...]
  2017-01-16 10:42:30 INFO  Version:45 - HHH000412: Hibernate Core {5.2.6.Final}
  2017-01-16 10:42:30 INFO  Environment:213 - HHH000206: hibernate.properties not found
  2017-01-16 10:42:30 INFO  Version:66 - HCANN000001: Hibernate Commons Annotations {5.0.1.Final}
  2017-01-16 10:42:30 WARN  pooling:70 - HHH10001002: Using Hibernate built-in connection pool (not for production use!)
  2017-01-16 10:42:30 INFO  pooling:126 - HHH10001005: using driver [com.mysql.jdbc.Driver] at URL [jdbc:mysql://localhost:3306/library?useSSL=false]
  2017-01-16 10:42:30 INFO  pooling:135 - HHH10001001: Connection properties: {user=library_admin, password=****}
  2017-01-16 10:42:30 INFO  pooling:140 - HHH10001003: Autocommit mode: false
  2017-01-16 10:42:30 INFO  DriverManagerConnectionProviderImpl:41 - HHH000115: Hibernate connection pool size: 20 (min=1)
  2017-01-16 10:42:30 INFO  Dialect:157 - HHH000400: Using dialect: org.hibernate.dialect.MySQLDialect
  2017-01-16 10:42:36 INFO  LogHelper:31 - HHH000204: Processing PersistenceUnitInfo [
	name: bookland_jpa
	...]
  2017-01-16 10:42:36 INFO  Version:45 - HHH000412: Hibernate Core {5.2.6.Final}
  2017-01-16 10:42:36 INFO  Environment:213 - HHH000206: hibernate.properties not found
  2017-01-16 10:42:36 INFO  Version:66 - HCANN000001: Hibernate Commons Annotations {5.0.1.Final}
  2017-01-16 10:42:36 WARN  pooling:70 - HHH10001002: Using Hibernate built-in connection pool (not for production use!)
  2017-01-16 10:42:36 INFO  pooling:126 - HHH10001005: using driver [com.mysql.jdbc.Driver] at URL [jdbc:mysql://localhost:3306/library?useSSL=false]
  2017-01-16 10:42:36 INFO  pooling:135 - HHH10001001: Connection properties: {user=library_admin, password=****}
  2017-01-16 10:42:36 INFO  pooling:140 - HHH10001003: Autocommit mode: false
  2017-01-16 10:42:36 INFO  DriverManagerConnectionProviderImpl:41 - HHH000115: Hibernate connection pool size: 20 (min=1)
  2017-01-16 10:42:37 INFO  Dialect:157 - HHH000400: Using dialect: org.hibernate.dialect.MySQLDialect
  2017-01-16 10:50:45 INFO  LogHelper:31 - HHH000204: Processing PersistenceUnitInfo [
	name: bookland_jpa
	...]
  2017-01-16 10:50:45 INFO  Version:45 - HHH000412: Hibernate Core {5.2.6.Final}
  2017-01-16 10:50:45 INFO  Environment:213 - HHH000206: hibernate.properties not found
  2017-01-16 10:50:46 INFO  Version:66 - HCANN000001: Hibernate Commons Annotations {5.0.1.Final}
  2017-01-16 10:50:46 WARN  pooling:70 - HHH10001002: Using Hibernate built-in connection pool (not for production use!)
  2017-01-16 10:50:46 INFO  pooling:126 - HHH10001005: using driver [com.mysql.jdbc.Driver] at URL [jdbc:mysql://localhost:3306/library?useSSL=false]
  2017-01-16 10:50:46 INFO  pooling:135 - HHH10001001: Connection properties: {user=library_admin, password=****}
  2017-01-16 10:50:46 INFO  pooling:140 - HHH10001003: Autocommit mode: false
  2017-01-16 10:50:46 INFO  DriverManagerConnectionProviderImpl:41 - HHH000115: Hibernate connection pool size: 20 (min=1)
  2017-01-16 10:50:46 INFO  Dialect:157 - HHH000400: Using dialect: org.hibernate.dialect.MySQLDialect
  2017-01-16 10:50:53 INFO  LogHelper:31 - HHH000204: Processing PersistenceUnitInfo [
	name: bookland_jpa
	...]
  2017-01-16 10:50:53 INFO  Version:45 - HHH000412: Hibernate Core {5.2.6.Final}
  2017-01-16 10:50:53 INFO  Environment:213 - HHH000206: hibernate.properties not found
  2017-01-16 10:50:53 INFO  Version:66 - HCANN000001: Hibernate Commons Annotations {5.0.1.Final}
  2017-01-16 10:50:54 WARN  pooling:70 - HHH10001002: Using Hibernate built-in connection pool (not for production use!)
  2017-01-16 10:50:54 INFO  pooling:126 - HHH10001005: using driver [com.mysql.jdbc.Driver] at URL [jdbc:mysql://localhost:3306/library?useSSL=false]
  2017-01-16 10:50:54 INFO  pooling:135 - HHH10001001: Connection properties: {user=library_admin, password=****}
  2017-01-16 10:50:54 INFO  pooling:140 - HHH10001003: Autocommit mode: false
  2017-01-16 10:50:54 INFO  DriverManagerConnectionProviderImpl:41 - HHH000115: Hibernate connection pool size: 20 (min=1)
  2017-01-16 10:50:54 INFO  Dialect:157 - HHH000400: Using dialect: org.hibernate.dialect.MySQLDialect
  2017-01-16 10:55:31 INFO  LogHelper:31 - HHH000204: Processing PersistenceUnitInfo [
	name: bookland_jpa
	...]
  2017-01-16 10:55:31 INFO  Version:45 - HHH000412: Hibernate Core {5.2.6.Final}
  2017-01-16 10:55:31 INFO  Environment:213 - HHH000206: hibernate.properties not found
  2017-01-16 10:55:31 INFO  Version:66 - HCANN000001: Hibernate Commons Annotations {5.0.1.Final}
  2017-01-16 10:55:31 WARN  pooling:70 - HHH10001002: Using Hibernate built-in connection pool (not for production use!)
  2017-01-16 10:55:31 INFO  pooling:126 - HHH10001005: using driver [com.mysql.jdbc.Driver] at URL [jdbc:mysql://localhost:3306/library?useSSL=false]
  2017-01-16 10:55:31 INFO  pooling:135 - HHH10001001: Connection properties: {user=library_admin, password=****}
  2017-01-16 10:55:31 INFO  pooling:140 - HHH10001003: Autocommit mode: false
  2017-01-16 10:55:31 INFO  DriverManagerConnectionProviderImpl:41 - HHH000115: Hibernate connection pool size: 20 (min=1)
  2017-01-16 10:55:32 INFO  Dialect:157 - HHH000400: Using dialect: org.hibernate.dialect.MySQLDialect
  2017-01-16 10:55:41 INFO  LogHelper:31 - HHH000204: Processing PersistenceUnitInfo [
	name: bookland_jpa
	...]
  2017-01-16 10:55:41 INFO  Version:45 - HHH000412: Hibernate Core {5.2.6.Final}
  2017-01-16 10:55:41 INFO  Environment:213 - HHH000206: hibernate.properties not found
  2017-01-16 10:55:41 INFO  Version:66 - HCANN000001: Hibernate Commons Annotations {5.0.1.Final}
  2017-01-16 10:55:41 WARN  pooling:70 - HHH10001002: Using Hibernate built-in connection pool (not for production use!)
  2017-01-16 10:55:41 INFO  pooling:126 - HHH10001005: using driver [com.mysql.jdbc.Driver] at URL [jdbc:mysql://localhost:3306/library?useSSL=false]
  2017-01-16 10:55:41 INFO  pooling:135 - HHH10001001: Connection properties: {user=library_admin, password=****}
  2017-01-16 10:55:41 INFO  pooling:140 - HHH10001003: Autocommit mode: false
  2017-01-16 10:55:41 INFO  DriverManagerConnectionProviderImpl:41 - HHH000115: Hibernate connection pool size: 20 (min=1)
  2017-01-16 10:55:42 INFO  Dialect:157 - HHH000400: Using dialect: org.hibernate.dialect.MySQLDialect
  2017-01-16 10:55:52 INFO  LogHelper:31 - HHH000204: Processing PersistenceUnitInfo [
	name: bookland_jpa
	...]
  2017-01-16 10:55:52 INFO  Version:45 - HHH000412: Hibernate Core {5.2.6.Final}
  2017-01-16 10:55:52 INFO  Environment:213 - HHH000206: hibernate.properties not found
  2017-01-16 10:55:52 INFO  Version:66 - HCANN000001: Hibernate Commons Annotations {5.0.1.Final}
  2017-01-16 10:55:52 WARN  pooling:70 - HHH10001002: Using Hibernate built-in connection pool (not for production use!)
  2017-01-16 10:55:52 INFO  pooling:126 - HHH10001005: using driver [com.mysql.jdbc.Driver] at URL [jdbc:mysql://localhost:3306/library?useSSL=false]
  2017-01-16 10:55:52 INFO  pooling:135 - HHH10001001: Connection properties: {user=library_admin, password=****}
  2017-01-16 10:55:52 INFO  pooling:140 - HHH10001003: Autocommit mode: false
  2017-01-16 10:55:52 INFO  DriverManagerConnectionProviderImpl:41 - HHH000115: Hibernate connection pool size: 20 (min=1)
  2017-01-16 10:55:52 INFO  Dialect:157 - HHH000400: Using dialect: org.hibernate.dialect.MySQLDialect
  2017-01-16 10:57:47 INFO  LogHelper:31 - HHH000204: Processing PersistenceUnitInfo [
	name: bookland_jpa
	...]
  2017-01-16 10:57:47 INFO  Version:45 - HHH000412: Hibernate Core {5.2.6.Final}
  2017-01-16 10:57:47 INFO  Environment:213 - HHH000206: hibernate.properties not found
  2017-01-16 10:57:47 INFO  Version:66 - HCANN000001: Hibernate Commons Annotations {5.0.1.Final}
  2017-01-16 10:57:47 WARN  pooling:70 - HHH10001002: Using Hibernate built-in connection pool (not for production use!)
  2017-01-16 10:57:47 INFO  pooling:126 - HHH10001005: using driver [com.mysql.jdbc.Driver] at URL [jdbc:mysql://localhost:3306/library?useSSL=false]
  2017-01-16 10:57:47 INFO  pooling:135 - HHH10001001: Connection properties: {user=library_admin, password=****}
  2017-01-16 10:57:47 INFO  pooling:140 - HHH10001003: Autocommit mode: false
  2017-01-16 10:57:47 INFO  DriverManagerConnectionProviderImpl:41 - HHH000115: Hibernate connection pool size: 20 (min=1)
  2017-01-16 10:57:48 INFO  Dialect:157 - HHH000400: Using dialect: org.hibernate.dialect.MySQLDialect
  2017-01-16 10:58:35 INFO  LogHelper:31 - HHH000204: Processing PersistenceUnitInfo [
	name: bookland_jpa
	...]
  2017-01-16 10:58:35 INFO  Version:45 - HHH000412: Hibernate Core {5.2.6.Final}
  2017-01-16 10:58:35 INFO  Environment:213 - HHH000206: hibernate.properties not found
  2017-01-16 10:58:35 INFO  Version:66 - HCANN000001: Hibernate Commons Annotations {5.0.1.Final}
  2017-01-16 10:58:35 WARN  pooling:70 - HHH10001002: Using Hibernate built-in connection pool (not for production use!)
  2017-01-16 10:58:35 INFO  pooling:126 - HHH10001005: using driver [com.mysql.jdbc.Driver] at URL [jdbc:mysql://localhost:3306/library?useSSL=false]
  2017-01-16 10:58:35 INFO  pooling:135 - HHH10001001: Connection properties: {user=library_admin, password=****}
  2017-01-16 10:58:35 INFO  pooling:140 - HHH10001003: Autocommit mode: false
  2017-01-16 10:58:35 INFO  DriverManagerConnectionProviderImpl:41 - HHH000115: Hibernate connection pool size: 20 (min=1)
  2017-01-16 10:58:36 INFO  Dialect:157 - HHH000400: Using dialect: org.hibernate.dialect.MySQLDialect
  2017-01-16 10:58:57 INFO  LogHelper:31 - HHH000204: Processing PersistenceUnitInfo [
	name: bookland_jpa
	...]
  2017-01-16 10:58:57 INFO  Version:45 - HHH000412: Hibernate Core {5.2.6.Final}
  2017-01-16 10:58:57 INFO  Environment:213 - HHH000206: hibernate.properties not found
  2017-01-16 10:58:57 INFO  Version:66 - HCANN000001: Hibernate Commons Annotations {5.0.1.Final}
  2017-01-16 10:58:57 WARN  pooling:70 - HHH10001002: Using Hibernate built-in connection pool (not for production use!)
  2017-01-16 10:58:57 INFO  pooling:126 - HHH10001005: using driver [com.mysql.jdbc.Driver] at URL [jdbc:mysql://localhost:3306/library?useSSL=false]
  2017-01-16 10:58:57 INFO  pooling:135 - HHH10001001: Connection properties: {user=library_admin, password=****}
  2017-01-16 10:58:57 INFO  pooling:140 - HHH10001003: Autocommit mode: false
  2017-01-16 10:58:57 INFO  DriverManagerConnectionProviderImpl:41 - HHH000115: Hibernate connection pool size: 20 (min=1)
  2017-01-16 10:58:57 INFO  Dialect:157 - HHH000400: Using dialect: org.hibernate.dialect.MySQLDialect
  2017-01-16 10:59:15 INFO  LogHelper:31 - HHH000204: Processing PersistenceUnitInfo [
	name: bookland_jpa
	...]
  2017-01-16 10:59:15 INFO  Version:45 - HHH000412: Hibernate Core {5.2.6.Final}
  2017-01-16 10:59:15 INFO  Environment:213 - HHH000206: hibernate.properties not found
  2017-01-16 10:59:15 INFO  Version:66 - HCANN000001: Hibernate Commons Annotations {5.0.1.Final}
  2017-01-16 10:59:15 WARN  pooling:70 - HHH10001002: Using Hibernate built-in connection pool (not for production use!)
  2017-01-16 10:59:15 INFO  pooling:126 - HHH10001005: using driver [com.mysql.jdbc.Driver] at URL [jdbc:mysql://localhost:3306/library?useSSL=false]
  2017-01-16 10:59:15 INFO  pooling:135 - HHH10001001: Connection properties: {user=library_admin, password=****}
  2017-01-16 10:59:15 INFO  pooling:140 - HHH10001003: Autocommit mode: false
  2017-01-16 10:59:15 INFO  DriverManagerConnectionProviderImpl:41 - HHH000115: Hibernate connection pool size: 20 (min=1)
  2017-01-16 10:59:16 INFO  Dialect:157 - HHH000400: Using dialect: org.hibernate.dialect.MySQLDialect
  2017-01-16 11:00:00 INFO  LogHelper:31 - HHH000204: Processing PersistenceUnitInfo [
	name: bookland_jpa
	...]
  2017-01-16 11:00:00 INFO  Version:45 - HHH000412: Hibernate Core {5.2.6.Final}
  2017-01-16 11:00:00 INFO  Environment:213 - HHH000206: hibernate.properties not found
  2017-01-16 11:00:00 INFO  Version:66 - HCANN000001: Hibernate Commons Annotations {5.0.1.Final}
  2017-01-16 11:00:00 WARN  pooling:70 - HHH10001002: Using Hibernate built-in connection pool (not for production use!)
  2017-01-16 11:00:00 INFO  pooling:126 - HHH10001005: using driver [com.mysql.jdbc.Driver] at URL [jdbc:mysql://localhost:3306/library?useSSL=false]
  2017-01-16 11:00:00 INFO  pooling:135 - HHH10001001: Connection properties: {user=library_admin, password=****}
  2017-01-16 11:00:00 INFO  pooling:140 - HHH10001003: Autocommit mode: false
  2017-01-16 11:00:00 INFO  DriverManagerConnectionProviderImpl:41 - HHH000115: Hibernate connection pool size: 20 (min=1)
  2017-01-16 11:00:00 INFO  Dialect:157 - HHH000400: Using dialect: org.hibernate.dialect.MySQLDialect
  2017-01-16 11:04:15 INFO  LogHelper:31 - HHH000204: Processing PersistenceUnitInfo [
	name: bookland_jpa
	...]
  2017-01-16 11:04:15 INFO  Version:45 - HHH000412: Hibernate Core {5.2.6.Final}
  2017-01-16 11:04:15 INFO  Environment:213 - HHH000206: hibernate.properties not found
  2017-01-16 11:04:15 INFO  Version:66 - HCANN000001: Hibernate Commons Annotations {5.0.1.Final}
  2017-01-16 11:04:15 WARN  pooling:70 - HHH10001002: Using Hibernate built-in connection pool (not for production use!)
  2017-01-16 11:04:15 INFO  pooling:126 - HHH10001005: using driver [com.mysql.jdbc.Driver] at URL [jdbc:mysql://localhost:3306/library?useSSL=false]
  2017-01-16 11:04:15 INFO  pooling:135 - HHH10001001: Connection properties: {user=library_admin, password=****}
  2017-01-16 11:04:15 INFO  pooling:140 - HHH10001003: Autocommit mode: false
  2017-01-16 11:04:15 INFO  DriverManagerConnectionProviderImpl:41 - HHH000115: Hibernate connection pool size: 20 (min=1)
  2017-01-16 11:04:15 INFO  Dialect:157 - HHH000400: Using dialect: org.hibernate.dialect.MySQLDialect
  2017-01-16 11:05:15 INFO  LogHelper:31 - HHH000204: Processing PersistenceUnitInfo [
	name: bookland_jpa
	...]
  2017-01-16 11:05:15 INFO  Version:45 - HHH000412: Hibernate Core {5.2.6.Final}
  2017-01-16 11:05:15 INFO  Environment:213 - HHH000206: hibernate.properties not found
  2017-01-16 11:05:15 INFO  Version:66 - HCANN000001: Hibernate Commons Annotations {5.0.1.Final}
  2017-01-16 11:05:15 WARN  pooling:70 - HHH10001002: Using Hibernate built-in connection pool (not for production use!)
  2017-01-16 11:05:15 INFO  pooling:126 - HHH10001005: using driver [com.mysql.jdbc.Driver] at URL [jdbc:mysql://localhost:3306/library?useSSL=false]
  2017-01-16 11:05:15 INFO  pooling:135 - HHH10001001: Connection properties: {user=library_admin, password=****}
  2017-01-16 11:05:15 INFO  pooling:140 - HHH10001003: Autocommit mode: false
  2017-01-16 11:05:15 INFO  DriverManagerConnectionProviderImpl:41 - HHH000115: Hibernate connection pool size: 20 (min=1)
  2017-01-16 11:05:16 INFO  Dialect:157 - HHH000400: Using dialect: org.hibernate.dialect.MySQLDialect
  2017-01-16 11:08:05 INFO  LogHelper:31 - HHH000204: Processing PersistenceUnitInfo [
	name: bookland_jpa
	...]
  2017-01-16 11:08:06 INFO  Version:45 - HHH000412: Hibernate Core {5.2.6.Final}
  2017-01-16 11:08:06 INFO  Environment:213 - HHH000206: hibernate.properties not found
  2017-01-16 11:08:06 INFO  Version:66 - HCANN000001: Hibernate Commons Annotations {5.0.1.Final}
  2017-01-16 11:08:06 WARN  pooling:70 - HHH10001002: Using Hibernate built-in connection pool (not for production use!)
  2017-01-16 11:08:06 INFO  pooling:126 - HHH10001005: using driver [com.mysql.jdbc.Driver] at URL [jdbc:mysql://localhost:3306/library?useSSL=false]
  2017-01-16 11:08:06 INFO  pooling:135 - HHH10001001: Connection properties: {user=library_admin, password=****}
  2017-01-16 11:08:06 INFO  pooling:140 - HHH10001003: Autocommit mode: false
  2017-01-16 11:08:06 INFO  DriverManagerConnectionProviderImpl:41 - HHH000115: Hibernate connection pool size: 20 (min=1)
  2017-01-16 11:08:06 INFO  Dialect:157 - HHH000400: Using dialect: org.hibernate.dialect.MySQLDialect
  2017-01-16 11:09:14 INFO  LogHelper:31 - HHH000204: Processing PersistenceUnitInfo [
	name: bookland_jpa
	...]
  2017-01-16 11:09:14 INFO  Version:45 - HHH000412: Hibernate Core {5.2.6.Final}
  2017-01-16 11:09:14 INFO  Environment:213 - HHH000206: hibernate.properties not found
  2017-01-16 11:09:14 INFO  Version:66 - HCANN000001: Hibernate Commons Annotations {5.0.1.Final}
  2017-01-16 11:09:14 WARN  pooling:70 - HHH10001002: Using Hibernate built-in connection pool (not for production use!)
  2017-01-16 11:09:14 INFO  pooling:126 - HHH10001005: using driver [com.mysql.jdbc.Driver] at URL [jdbc:mysql://localhost:3306/library?useSSL=false]
  2017-01-16 11:09:14 INFO  pooling:135 - HHH10001001: Connection properties: {user=library_admin, password=****}
  2017-01-16 11:09:14 INFO  pooling:140 - HHH10001003: Autocommit mode: false
  2017-01-16 11:09:14 INFO  DriverManagerConnectionProviderImpl:41 - HHH000115: Hibernate connection pool size: 20 (min=1)
  2017-01-16 11:09:14 INFO  Dialect:157 - HHH000400: Using dialect: org.hibernate.dialect.MySQLDialect
  2017-01-16 11:10:04 INFO  LogHelper:31 - HHH000204: Processing PersistenceUnitInfo [
	name: bookland_jpa
	...]
  2017-01-16 11:10:04 INFO  Version:45 - HHH000412: Hibernate Core {5.2.6.Final}
  2017-01-16 11:10:04 INFO  Environment:213 - HHH000206: hibernate.properties not found
  2017-01-16 11:10:04 INFO  Version:66 - HCANN000001: Hibernate Commons Annotations {5.0.1.Final}
  2017-01-16 11:10:04 WARN  pooling:70 - HHH10001002: Using Hibernate built-in connection pool (not for production use!)
  2017-01-16 11:10:04 INFO  pooling:126 - HHH10001005: using driver [com.mysql.jdbc.Driver] at URL [jdbc:mysql://localhost:3306/library?useSSL=false]
  2017-01-16 11:10:04 INFO  pooling:135 - HHH10001001: Connection properties: {user=library_admin, password=****}
  2017-01-16 11:10:04 INFO  pooling:140 - HHH10001003: Autocommit mode: false
  2017-01-16 11:10:04 INFO  DriverManagerConnectionProviderImpl:41 - HHH000115: Hibernate connection pool size: 20 (min=1)
  2017-01-16 11:10:04 INFO  Dialect:157 - HHH000400: Using dialect: org.hibernate.dialect.MySQLDialect
  2017-01-16 11:10:20 INFO  LogHelper:31 - HHH000204: Processing PersistenceUnitInfo [
	name: bookland_jpa
	...]
  2017-01-16 11:10:20 INFO  Version:45 - HHH000412: Hibernate Core {5.2.6.Final}
  2017-01-16 11:10:20 INFO  Environment:213 - HHH000206: hibernate.properties not found
  2017-01-16 11:10:20 INFO  Version:66 - HCANN000001: Hibernate Commons Annotations {5.0.1.Final}
  2017-01-16 11:10:20 WARN  pooling:70 - HHH10001002: Using Hibernate built-in connection pool (not for production use!)
  2017-01-16 11:10:20 INFO  pooling:126 - HHH10001005: using driver [com.mysql.jdbc.Driver] at URL [jdbc:mysql://localhost:3306/library?useSSL=false]
  2017-01-16 11:10:20 INFO  pooling:135 - HHH10001001: Connection properties: {user=library_admin, password=****}
  2017-01-16 11:10:20 INFO  pooling:140 - HHH10001003: Autocommit mode: false
  2017-01-16 11:10:20 INFO  DriverManagerConnectionProviderImpl:41 - HHH000115: Hibernate connection pool size: 20 (min=1)
  2017-01-16 11:10:20 INFO  Dialect:157 - HHH000400: Using dialect: org.hibernate.dialect.MySQLDialect
  2017-01-16 11:10:23 INFO  LogHelper:31 - HHH000204: Processing PersistenceUnitInfo [
	name: bookland_jpa
	...]
  2017-01-16 11:10:23 INFO  Version:45 - HHH000412: Hibernate Core {5.2.6.Final}
  2017-01-16 11:10:23 INFO  Environment:213 - HHH000206: hibernate.properties not found
  2017-01-16 11:10:23 INFO  Version:66 - HCANN000001: Hibernate Commons Annotations {5.0.1.Final}
  2017-01-16 11:10:23 WARN  pooling:70 - HHH10001002: Using Hibernate built-in connection pool (not for production use!)
  2017-01-16 11:10:23 INFO  pooling:126 - HHH10001005: using driver [com.mysql.jdbc.Driver] at URL [jdbc:mysql://localhost:3306/library?useSSL=false]
  2017-01-16 11:10:23 INFO  pooling:135 - HHH10001001: Connection properties: {user=library_admin, password=****}
  2017-01-16 11:10:23 INFO  pooling:140 - HHH10001003: Autocommit mode: false
  2017-01-16 11:10:23 INFO  DriverManagerConnectionProviderImpl:41 - HHH000115: Hibernate connection pool size: 20 (min=1)
  2017-01-16 11:10:23 INFO  Dialect:157 - HHH000400: Using dialect: org.hibernate.dialect.MySQLDialect
  2017-01-16 11:10:43 INFO  LogHelper:31 - HHH000204: Processing PersistenceUnitInfo [
	name: bookland_jpa
	...]
  2017-01-16 11:10:44 INFO  Version:45 - HHH000412: Hibernate Core {5.2.6.Final}
  2017-01-16 11:10:44 INFO  Environment:213 - HHH000206: hibernate.properties not found
  2017-01-16 11:10:44 INFO  Version:66 - HCANN000001: Hibernate Commons Annotations {5.0.1.Final}
  2017-01-16 11:10:44 WARN  pooling:70 - HHH10001002: Using Hibernate built-in connection pool (not for production use!)
  2017-01-16 11:10:44 INFO  pooling:126 - HHH10001005: using driver [com.mysql.jdbc.Driver] at URL [jdbc:mysql://localhost:3306/library?useSSL=false]
  2017-01-16 11:10:44 INFO  pooling:135 - HHH10001001: Connection properties: {user=library_admin, password=****}
  2017-01-16 11:10:44 INFO  pooling:140 - HHH10001003: Autocommit mode: false
  2017-01-16 11:10:44 INFO  DriverManagerConnectionProviderImpl:41 - HHH000115: Hibernate connection pool size: 20 (min=1)
  2017-01-16 11:10:44 INFO  Dialect:157 - HHH000400: Using dialect: org.hibernate.dialect.MySQLDialect
  2017-01-16 11:11:21 INFO  LogHelper:31 - HHH000204: Processing PersistenceUnitInfo [
	name: bookland_jpa
	...]
  2017-01-16 11:11:21 INFO  Version:45 - HHH000412: Hibernate Core {5.2.6.Final}
  2017-01-16 11:11:21 INFO  Environment:213 - HHH000206: hibernate.properties not found
  2017-01-16 11:11:21 INFO  Version:66 - HCANN000001: Hibernate Commons Annotations {5.0.1.Final}
  2017-01-16 11:11:21 WARN  pooling:70 - HHH10001002: Using Hibernate built-in connection pool (not for production use!)
  2017-01-16 11:11:21 INFO  pooling:126 - HHH10001005: using driver [com.mysql.jdbc.Driver] at URL [jdbc:mysql://localhost:3306/library?useSSL=false]
  2017-01-16 11:11:21 INFO  pooling:135 - HHH10001001: Connection properties: {user=library_admin, password=****}
  2017-01-16 11:11:21 INFO  pooling:140 - HHH10001003: Autocommit mode: false
  2017-01-16 11:11:21 INFO  DriverManagerConnectionProviderImpl:41 - HHH000115: Hibernate connection pool size: 20 (min=1)
  2017-01-16 11:11:22 INFO  Dialect:157 - HHH000400: Using dialect: org.hibernate.dialect.MySQLDialect
  2017-01-16 11:11:56 INFO  LogHelper:31 - HHH000204: Processing PersistenceUnitInfo [
	name: bookland_jpa
	...]
  2017-01-16 11:11:56 INFO  Version:45 - HHH000412: Hibernate Core {5.2.6.Final}
  2017-01-16 11:11:56 INFO  Environment:213 - HHH000206: hibernate.properties not found
  2017-01-16 11:11:56 INFO  Version:66 - HCANN000001: Hibernate Commons Annotations {5.0.1.Final}
  2017-01-16 11:11:56 WARN  pooling:70 - HHH10001002: Using Hibernate built-in connection pool (not for production use!)
  2017-01-16 11:11:56 INFO  pooling:126 - HHH10001005: using driver [com.mysql.jdbc.Driver] at URL [jdbc:mysql://localhost:3306/library?useSSL=false]
  2017-01-16 11:11:56 INFO  pooling:135 - HHH10001001: Connection properties: {user=library_admin, password=****}
  2017-01-16 11:11:56 INFO  pooling:140 - HHH10001003: Autocommit mode: false
  2017-01-16 11:11:56 INFO  DriverManagerConnectionProviderImpl:41 - HHH000115: Hibernate connection pool size: 20 (min=1)
  2017-01-16 11:11:56 INFO  Dialect:157 - HHH000400: Using dialect: org.hibernate.dialect.MySQLDialect
  2017-01-16 11:11:57 INFO  QueryTranslatorFactoryInitiator:47 - HHH000397: Using ASTQueryTranslatorFactory
  2017-01-16 11:12:04 INFO  LogHelper:31 - HHH000204: Processing PersistenceUnitInfo [
	name: bookland_jpa
	...]
  2017-01-16 11:12:04 INFO  Version:45 - HHH000412: Hibernate Core {5.2.6.Final}
  2017-01-16 11:12:04 INFO  Environment:213 - HHH000206: hibernate.properties not found
  2017-01-16 11:12:04 INFO  Version:66 - HCANN000001: Hibernate Commons Annotations {5.0.1.Final}
  2017-01-16 11:12:04 WARN  pooling:70 - HHH10001002: Using Hibernate built-in connection pool (not for production use!)
  2017-01-16 11:12:04 INFO  pooling:126 - HHH10001005: using driver [com.mysql.jdbc.Driver] at URL [jdbc:mysql://localhost:3306/library?useSSL=false]
  2017-01-16 11:12:04 INFO  pooling:135 - HHH10001001: Connection properties: {user=library_admin, password=****}
  2017-01-16 11:12:04 INFO  pooling:140 - HHH10001003: Autocommit mode: false
  2017-01-16 11:12:04 INFO  DriverManagerConnectionProviderImpl:41 - HHH000115: Hibernate connection pool size: 20 (min=1)
  2017-01-16 11:12:04 INFO  Dialect:157 - HHH000400: Using dialect: org.hibernate.dialect.MySQLDialect
  2017-01-16 11:12:05 INFO  QueryTranslatorFactoryInitiator:47 - HHH000397: Using ASTQueryTranslatorFactory
  2017-01-16 11:12:14 INFO  LogHelper:31 - HHH000204: Processing PersistenceUnitInfo [
	name: bookland_jpa
	...]
  2017-01-16 11:12:14 INFO  Version:45 - HHH000412: Hibernate Core {5.2.6.Final}
  2017-01-16 11:12:14 INFO  Environment:213 - HHH000206: hibernate.properties not found
  2017-01-16 11:12:14 INFO  Version:66 - HCANN000001: Hibernate Commons Annotations {5.0.1.Final}
  2017-01-16 11:12:14 WARN  pooling:70 - HHH10001002: Using Hibernate built-in connection pool (not for production use!)
  2017-01-16 11:12:14 INFO  pooling:126 - HHH10001005: using driver [com.mysql.jdbc.Driver] at URL [jdbc:mysql://localhost:3306/library?useSSL=false]
  2017-01-16 11:12:14 INFO  pooling:135 - HHH10001001: Connection properties: {user=library_admin, password=****}
  2017-01-16 11:12:14 INFO  pooling:140 - HHH10001003: Autocommit mode: false
  2017-01-16 11:12:14 INFO  DriverManagerConnectionProviderImpl:41 - HHH000115: Hibernate connection pool size: 20 (min=1)
  2017-01-16 11:12:14 INFO  Dialect:157 - HHH000400: Using dialect: org.hibernate.dialect.MySQLDialect
  2017-01-16 11:12:15 INFO  QueryTranslatorFactoryInitiator:47 - HHH000397: Using ASTQueryTranslatorFactory
  2017-01-16 11:12:19 INFO  LogHelper:31 - HHH000204: Processing PersistenceUnitInfo [
	name: bookland_jpa
	...]
  2017-01-16 11:12:19 INFO  Version:45 - HHH000412: Hibernate Core {5.2.6.Final}
  2017-01-16 11:12:19 INFO  Environment:213 - HHH000206: hibernate.properties not found
  2017-01-16 11:12:19 INFO  Version:66 - HCANN000001: Hibernate Commons Annotations {5.0.1.Final}
  2017-01-16 11:12:20 WARN  pooling:70 - HHH10001002: Using Hibernate built-in connection pool (not for production use!)
  2017-01-16 11:12:20 INFO  pooling:126 - HHH10001005: using driver [com.mysql.jdbc.Driver] at URL [jdbc:mysql://localhost:3306/library?useSSL=false]
  2017-01-16 11:12:20 INFO  pooling:135 - HHH10001001: Connection properties: {user=library_admin, password=****}
  2017-01-16 11:12:20 INFO  pooling:140 - HHH10001003: Autocommit mode: false
  2017-01-16 11:12:20 INFO  DriverManagerConnectionProviderImpl:41 - HHH000115: Hibernate connection pool size: 20 (min=1)
  2017-01-16 11:12:20 INFO  Dialect:157 - HHH000400: Using dialect: org.hibernate.dialect.MySQLDialect
  2017-01-16 11:12:20 INFO  QueryTranslatorFactoryInitiator:47 - HHH000397: Using ASTQueryTranslatorFactory
  2017-01-16 11:13:57 INFO  LogHelper:31 - HHH000204: Processing PersistenceUnitInfo [
	name: bookland_jpa
	...]
  2017-01-16 11:13:57 INFO  Version:45 - HHH000412: Hibernate Core {5.2.6.Final}
  2017-01-16 11:13:57 INFO  Environment:213 - HHH000206: hibernate.properties not found
  2017-01-16 11:13:57 INFO  Version:66 - HCANN000001: Hibernate Commons Annotations {5.0.1.Final}
  2017-01-16 11:13:58 WARN  pooling:70 - HHH10001002: Using Hibernate built-in connection pool (not for production use!)
  2017-01-16 11:13:58 INFO  pooling:126 - HHH10001005: using driver [com.mysql.jdbc.Driver] at URL [jdbc:mysql://localhost:3306/library?useSSL=false]
  2017-01-16 11:13:58 INFO  pooling:135 - HHH10001001: Connection properties: {user=library_admin, password=****}
  2017-01-16 11:13:58 INFO  pooling:140 - HHH10001003: Autocommit mode: false
  2017-01-16 11:13:58 INFO  DriverManagerConnectionProviderImpl:41 - HHH000115: Hibernate connection pool size: 20 (min=1)
  2017-01-16 11:13:58 INFO  Dialect:157 - HHH000400: Using dialect: org.hibernate.dialect.MySQLDialect
  2017-01-16 11:13:58 INFO  QueryTranslatorFactoryInitiator:47 - HHH000397: Using ASTQueryTranslatorFactory
  2017-01-16 11:14:48 INFO  LogHelper:31 - HHH000204: Processing PersistenceUnitInfo [
	name: bookland_jpa
	...]
  2017-01-16 11:14:48 INFO  Version:45 - HHH000412: Hibernate Core {5.2.6.Final}
  2017-01-16 11:14:48 INFO  Environment:213 - HHH000206: hibernate.properties not found
  2017-01-16 11:14:48 INFO  Version:66 - HCANN000001: Hibernate Commons Annotations {5.0.1.Final}
  2017-01-16 11:14:48 WARN  pooling:70 - HHH10001002: Using Hibernate built-in connection pool (not for production use!)
  2017-01-16 11:14:48 INFO  pooling:126 - HHH10001005: using driver [com.mysql.jdbc.Driver] at URL [jdbc:mysql://localhost:3306/library?useSSL=false]
  2017-01-16 11:14:48 INFO  pooling:135 - HHH10001001: Connection properties: {user=library_admin, password=****}
  2017-01-16 11:14:48 INFO  pooling:140 - HHH10001003: Autocommit mode: false
  2017-01-16 11:14:48 INFO  DriverManagerConnectionProviderImpl:41 - HHH000115: Hibernate connection pool size: 20 (min=1)
  2017-01-16 11:14:48 INFO  Dialect:157 - HHH000400: Using dialect: org.hibernate.dialect.MySQLDialect
  2017-01-16 11:14:49 INFO  QueryTranslatorFactoryInitiator:47 - HHH000397: Using ASTQueryTranslatorFactory
  2017-01-16 11:24:42 INFO  LogHelper:31 - HHH000204: Processing PersistenceUnitInfo [
	name: bookland_jpa
	...]
  2017-01-16 11:24:42 INFO  Version:45 - HHH000412: Hibernate Core {5.2.6.Final}
  2017-01-16 11:24:42 INFO  Environment:213 - HHH000206: hibernate.properties not found
  2017-01-16 11:24:42 INFO  Version:66 - HCANN000001: Hibernate Commons Annotations {5.0.1.Final}
  2017-01-16 11:24:42 WARN  pooling:70 - HHH10001002: Using Hibernate built-in connection pool (not for production use!)
  2017-01-16 11:24:42 INFO  pooling:126 - HHH10001005: using driver [com.mysql.jdbc.Driver] at URL [jdbc:mysql://localhost:3306/library?useSSL=false]
  2017-01-16 11:24:42 INFO  pooling:135 - HHH10001001: Connection properties: {user=library_admin, password=****}
  2017-01-16 11:24:42 INFO  pooling:140 - HHH10001003: Autocommit mode: false
  2017-01-16 11:24:42 INFO  DriverManagerConnectionProviderImpl:41 - HHH000115: Hibernate connection pool size: 20 (min=1)
  2017-01-16 11:24:42 INFO  Dialect:157 - HHH000400: Using dialect: org.hibernate.dialect.MySQLDialect
  2017-01-16 11:24:43 INFO  QueryTranslatorFactoryInitiator:47 - HHH000397: Using ASTQueryTranslatorFactory
  2017-01-16 11:25:46 INFO  LogHelper:31 - HHH000204: Processing PersistenceUnitInfo [
	name: bookland_jpa
	...]
  2017-01-16 11:25:47 INFO  Version:45 - HHH000412: Hibernate Core {5.2.6.Final}
  2017-01-16 11:25:47 INFO  Environment:213 - HHH000206: hibernate.properties not found
  2017-01-16 11:25:47 INFO  Version:66 - HCANN000001: Hibernate Commons Annotations {5.0.1.Final}
  2017-01-16 11:25:47 WARN  pooling:70 - HHH10001002: Using Hibernate built-in connection pool (not for production use!)
  2017-01-16 11:25:47 INFO  pooling:126 - HHH10001005: using driver [com.mysql.jdbc.Driver] at URL [jdbc:mysql://localhost:3306/library?useSSL=false]
  2017-01-16 11:25:47 INFO  pooling:135 - HHH10001001: Connection properties: {user=library_admin, password=****}
  2017-01-16 11:25:47 INFO  pooling:140 - HHH10001003: Autocommit mode: false
  2017-01-16 11:25:47 INFO  DriverManagerConnectionProviderImpl:41 - HHH000115: Hibernate connection pool size: 20 (min=1)
  2017-01-16 11:25:47 INFO  Dialect:157 - HHH000400: Using dialect: org.hibernate.dialect.MySQLDialect
  2017-01-16 11:28:46 INFO  LogHelper:31 - HHH000204: Processing PersistenceUnitInfo [
	name: bookland_jpa
	...]
  2017-01-16 11:28:46 INFO  Version:45 - HHH000412: Hibernate Core {5.2.6.Final}
  2017-01-16 11:28:46 INFO  Environment:213 - HHH000206: hibernate.properties not found
  2017-01-16 11:28:46 INFO  Version:66 - HCANN000001: Hibernate Commons Annotations {5.0.1.Final}
  2017-01-16 11:28:46 WARN  pooling:70 - HHH10001002: Using Hibernate built-in connection pool (not for production use!)
  2017-01-16 11:28:46 INFO  pooling:126 - HHH10001005: using driver [com.mysql.jdbc.Driver] at URL [jdbc:mysql://localhost:3306/library?useSSL=false]
  2017-01-16 11:28:46 INFO  pooling:135 - HHH10001001: Connection properties: {user=library_admin, password=****}
  2017-01-16 11:28:46 INFO  pooling:140 - HHH10001003: Autocommit mode: false
  2017-01-16 11:28:46 INFO  DriverManagerConnectionProviderImpl:41 - HHH000115: Hibernate connection pool size: 20 (min=1)
  2017-01-16 11:28:46 INFO  Dialect:157 - HHH000400: Using dialect: org.hibernate.dialect.MySQLDialect
  2017-01-16 11:28:47 INFO  QueryTranslatorFactoryInitiator:47 - HHH000397: Using ASTQueryTranslatorFactory
  2017-01-16 11:32:33 INFO  LogHelper:31 - HHH000204: Processing PersistenceUnitInfo [
	name: bookland_jpa
	...]
  2017-01-16 11:32:33 INFO  Version:45 - HHH000412: Hibernate Core {5.2.6.Final}
  2017-01-16 11:32:33 INFO  Environment:213 - HHH000206: hibernate.properties not found
  2017-01-16 11:32:33 INFO  Version:66 - HCANN000001: Hibernate Commons Annotations {5.0.1.Final}
  2017-01-16 11:32:33 WARN  pooling:70 - HHH10001002: Using Hibernate built-in connection pool (not for production use!)
  2017-01-16 11:32:33 INFO  pooling:126 - HHH10001005: using driver [com.mysql.jdbc.Driver] at URL [jdbc:mysql://localhost:3306/library?useSSL=false]
  2017-01-16 11:32:33 INFO  pooling:135 - HHH10001001: Connection properties: {user=library_admin, password=****}
  2017-01-16 11:32:33 INFO  pooling:140 - HHH10001003: Autocommit mode: false
  2017-01-16 11:32:33 INFO  DriverManagerConnectionProviderImpl:41 - HHH000115: Hibernate connection pool size: 20 (min=1)
  2017-01-16 11:32:33 INFO  Dialect:157 - HHH000400: Using dialect: org.hibernate.dialect.MySQLDialect
  2017-01-16 11:32:34 INFO  QueryTranslatorFactoryInitiator:47 - HHH000397: Using ASTQueryTranslatorFactory
  2017-01-16 11:33:33 INFO  LogHelper:31 - HHH000204: Processing PersistenceUnitInfo [
	name: bookland_jpa
	...]
  2017-01-16 11:33:33 INFO  Version:45 - HHH000412: Hibernate Core {5.2.6.Final}
  2017-01-16 11:33:33 INFO  Environment:213 - HHH000206: hibernate.properties not found
  2017-01-16 11:33:33 INFO  Version:66 - HCANN000001: Hibernate Commons Annotations {5.0.1.Final}
  2017-01-16 11:33:33 WARN  pooling:70 - HHH10001002: Using Hibernate built-in connection pool (not for production use!)
  2017-01-16 11:33:33 INFO  pooling:126 - HHH10001005: using driver [com.mysql.jdbc.Driver] at URL [jdbc:mysql://localhost:3306/library?useSSL=false]
  2017-01-16 11:33:33 INFO  pooling:135 - HHH10001001: Connection properties: {user=library_admin, password=****}
  2017-01-16 11:33:33 INFO  pooling:140 - HHH10001003: Autocommit mode: false
  2017-01-16 11:33:33 INFO  DriverManagerConnectionProviderImpl:41 - HHH000115: Hibernate connection pool size: 20 (min=1)
  2017-01-16 11:33:33 INFO  Dialect:157 - HHH000400: Using dialect: org.hibernate.dialect.MySQLDialect
  2017-01-16 11:33:34 INFO  QueryTranslatorFactoryInitiator:47 - HHH000397: Using ASTQueryTranslatorFactory
  2017-01-16 11:33:34 WARN  SqlExceptionHelper:129 - SQL Error: 1146, SQLState: 42S02
  2017-01-16 11:33:34 ERROR SqlExceptionHelper:131 - Table 'library.magazine' doesn't exist
  2017-01-16 11:42:34 INFO  LogHelper:31 - HHH000204: Processing PersistenceUnitInfo [
	name: bookland_jpa
	...]
  2017-01-16 11:42:34 INFO  Version:45 - HHH000412: Hibernate Core {5.2.6.Final}
  2017-01-16 11:42:34 INFO  Environment:213 - HHH000206: hibernate.properties not found
  2017-01-16 11:42:35 INFO  Version:66 - HCANN000001: Hibernate Commons Annotations {5.0.1.Final}
  2017-01-16 11:42:35 WARN  pooling:70 - HHH10001002: Using Hibernate built-in connection pool (not for production use!)
  2017-01-16 11:42:35 INFO  pooling:126 - HHH10001005: using driver [com.mysql.jdbc.Driver] at URL [jdbc:mysql://localhost:3306/library?useSSL=false]
  2017-01-16 11:42:35 INFO  pooling:135 - HHH10001001: Connection properties: {user=library_admin, password=****}
  2017-01-16 11:42:35 INFO  pooling:140 - HHH10001003: Autocommit mode: false
  2017-01-16 11:42:35 INFO  DriverManagerConnectionProviderImpl:41 - HHH000115: Hibernate connection pool size: 20 (min=1)
  2017-01-16 11:42:35 INFO  Dialect:157 - HHH000400: Using dialect: org.hibernate.dialect.MySQLDialect
  2017-01-16 11:42:35 INFO  QueryTranslatorFactoryInitiator:47 - HHH000397: Using ASTQueryTranslatorFactory
  2017-01-16 11:49:50 INFO  LogHelper:31 - HHH000204: Processing PersistenceUnitInfo [
	name: bookland_jpa
	...]
  2017-01-16 11:49:50 INFO  Version:45 - HHH000412: Hibernate Core {5.2.6.Final}
  2017-01-16 11:49:50 INFO  Environment:213 - HHH000206: hibernate.properties not found
  2017-01-16 11:49:50 INFO  Version:66 - HCANN000001: Hibernate Commons Annotations {5.0.1.Final}
  2017-01-16 11:49:51 WARN  pooling:70 - HHH10001002: Using Hibernate built-in connection pool (not for production use!)
  2017-01-16 11:49:51 INFO  pooling:126 - HHH10001005: using driver [com.mysql.jdbc.Driver] at URL [jdbc:mysql://localhost:3306/library?useSSL=false]
  2017-01-16 11:49:51 INFO  pooling:135 - HHH10001001: Connection properties: {user=library_admin, password=****}
  2017-01-16 11:49:51 INFO  pooling:140 - HHH10001003: Autocommit mode: false
  2017-01-16 11:49:51 INFO  DriverManagerConnectionProviderImpl:41 - HHH000115: Hibernate connection pool size: 20 (min=1)
  2017-01-16 11:49:51 INFO  Dialect:157 - HHH000400: Using dialect: org.hibernate.dialect.MySQLDialect
  2017-01-16 11:49:51 INFO  QueryTranslatorFactoryInitiator:47 - HHH000397: Using ASTQueryTranslatorFactory
  2017-01-16 11:50:14 INFO  LogHelper:31 - HHH000204: Processing PersistenceUnitInfo [
	name: bookland_jpa
	...]
  2017-01-16 11:50:14 INFO  Version:45 - HHH000412: Hibernate Core {5.2.6.Final}
  2017-01-16 11:50:14 INFO  Environment:213 - HHH000206: hibernate.properties not found
  2017-01-16 11:50:14 INFO  Version:66 - HCANN000001: Hibernate Commons Annotations {5.0.1.Final}
  2017-01-16 11:50:14 WARN  pooling:70 - HHH10001002: Using Hibernate built-in connection pool (not for production use!)
  2017-01-16 11:50:14 INFO  pooling:126 - HHH10001005: using driver [com.mysql.jdbc.Driver] at URL [jdbc:mysql://localhost:3306/library?useSSL=false]
  2017-01-16 11:50:14 INFO  pooling:135 - HHH10001001: Connection properties: {user=library_admin, password=****}
  2017-01-16 11:50:14 INFO  pooling:140 - HHH10001003: Autocommit mode: false
  2017-01-16 11:50:14 INFO  DriverManagerConnectionProviderImpl:41 - HHH000115: Hibernate connection pool size: 20 (min=1)
  2017-01-16 11:50:14 INFO  Dialect:157 - HHH000400: Using dialect: org.hibernate.dialect.MySQLDialect
  2017-01-16 11:50:15 INFO  QueryTranslatorFactoryInitiator:47 - HHH000397: Using ASTQueryTranslatorFactory
  2017-01-16 11:50:53 INFO  LogHelper:31 - HHH000204: Processing PersistenceUnitInfo [
	name: bookland_jpa
	...]
  2017-01-16 11:50:54 INFO  Version:45 - HHH000412: Hibernate Core {5.2.6.Final}
  2017-01-16 11:50:54 INFO  Environment:213 - HHH000206: hibernate.properties not found
  2017-01-16 11:50:54 INFO  Version:66 - HCANN000001: Hibernate Commons Annotations {5.0.1.Final}
  2017-01-16 11:50:54 WARN  pooling:70 - HHH10001002: Using Hibernate built-in connection pool (not for production use!)
  2017-01-16 11:50:54 INFO  pooling:126 - HHH10001005: using driver [com.mysql.jdbc.Driver] at URL [jdbc:mysql://localhost:3306/library?useSSL=false]
  2017-01-16 11:50:54 INFO  pooling:135 - HHH10001001: Connection properties: {user=library_admin, password=****}
  2017-01-16 11:50:54 INFO  pooling:140 - HHH10001003: Autocommit mode: false
  2017-01-16 11:50:54 INFO  DriverManagerConnectionProviderImpl:41 - HHH000115: Hibernate connection pool size: 20 (min=1)
  2017-01-16 11:50:54 INFO  Dialect:157 - HHH000400: Using dialect: org.hibernate.dialect.MySQLDialect
  2017-01-16 11:50:55 INFO  QueryTranslatorFactoryInitiator:47 - HHH000397: Using ASTQueryTranslatorFactory
  2017-01-16 11:53:19 INFO  LogHelper:31 - HHH000204: Processing PersistenceUnitInfo [
	name: bookland_jpa
	...]
  2017-01-16 11:53:19 INFO  Version:45 - HHH000412: Hibernate Core {5.2.6.Final}
  2017-01-16 11:53:19 INFO  Environment:213 - HHH000206: hibernate.properties not found
  2017-01-16 11:53:19 INFO  Version:66 - HCANN000001: Hibernate Commons Annotations {5.0.1.Final}
  2017-01-16 11:53:19 WARN  pooling:70 - HHH10001002: Using Hibernate built-in connection pool (not for production use!)
  2017-01-16 11:53:19 INFO  pooling:126 - HHH10001005: using driver [com.mysql.jdbc.Driver] at URL [jdbc:mysql://localhost:3306/library?useSSL=false]
  2017-01-16 11:53:19 INFO  pooling:135 - HHH10001001: Connection properties: {user=library_admin, password=****}
  2017-01-16 11:53:19 INFO  pooling:140 - HHH10001003: Autocommit mode: false
  2017-01-16 11:53:19 INFO  DriverManagerConnectionProviderImpl:41 - HHH000115: Hibernate connection pool size: 20 (min=1)
  2017-01-16 11:53:19 INFO  Dialect:157 - HHH000400: Using dialect: org.hibernate.dialect.MySQLDialect
  2017-01-16 11:53:20 INFO  QueryTranslatorFactoryInitiator:47 - HHH000397: Using ASTQueryTranslatorFactory
  2017-01-16 12:12:57 INFO  LogHelper:31 - HHH000204: Processing PersistenceUnitInfo [
	name: bookland_jpa
	...]
  2017-01-16 12:12:57 INFO  Version:45 - HHH000412: Hibernate Core {5.2.6.Final}
  2017-01-16 12:12:57 INFO  Environment:213 - HHH000206: hibernate.properties not found
  2017-01-16 12:12:57 INFO  Version:66 - HCANN000001: Hibernate Commons Annotations {5.0.1.Final}
  2017-01-16 12:12:58 WARN  pooling:70 - HHH10001002: Using Hibernate built-in connection pool (not for production use!)
  2017-01-16 12:12:58 INFO  pooling:126 - HHH10001005: using driver [com.mysql.jdbc.Driver] at URL [jdbc:mysql://localhost:3306/library?useSSL=false]
  2017-01-16 12:12:58 INFO  pooling:135 - HHH10001001: Connection properties: {user=library_admin, password=****}
  2017-01-16 12:12:58 INFO  pooling:140 - HHH10001003: Autocommit mode: false
  2017-01-16 12:12:58 INFO  DriverManagerConnectionProviderImpl:41 - HHH000115: Hibernate connection pool size: 20 (min=1)
  2017-01-16 12:12:58 INFO  Dialect:157 - HHH000400: Using dialect: org.hibernate.dialect.MySQLDialect
  2017-01-16 12:12:58 INFO  QueryTranslatorFactoryInitiator:47 - HHH000397: Using ASTQueryTranslatorFactory
  2017-01-16 12:12:58 WARN  SqlExceptionHelper:129 - SQL Error: 1146, SQLState: 42S02
  2017-01-16 12:12:58 ERROR SqlExceptionHelper:131 - Table 'library.book' doesn't exist
  2017-01-16 12:14:57 INFO  LogHelper:31 - HHH000204: Processing PersistenceUnitInfo [
	name: bookland_jpa
	...]
  2017-01-16 12:14:57 INFO  Version:45 - HHH000412: Hibernate Core {5.2.6.Final}
  2017-01-16 12:14:57 INFO  Environment:213 - HHH000206: hibernate.properties not found
  2017-01-16 12:14:57 INFO  Version:66 - HCANN000001: Hibernate Commons Annotations {5.0.1.Final}
  2017-01-16 12:14:57 WARN  pooling:70 - HHH10001002: Using Hibernate built-in connection pool (not for production use!)
  2017-01-16 12:14:57 INFO  pooling:126 - HHH10001005: using driver [com.mysql.jdbc.Driver] at URL [jdbc:mysql://localhost:3306/library?useSSL=false]
  2017-01-16 12:14:57 INFO  pooling:135 - HHH10001001: Connection properties: {user=library_admin, password=****}
  2017-01-16 12:14:57 INFO  pooling:140 - HHH10001003: Autocommit mode: false
  2017-01-16 12:14:57 INFO  DriverManagerConnectionProviderImpl:41 - HHH000115: Hibernate connection pool size: 20 (min=1)
  2017-01-16 12:14:57 INFO  Dialect:157 - HHH000400: Using dialect: org.hibernate.dialect.MySQLDialect
  2017-01-16 12:14:58 INFO  QueryTranslatorFactoryInitiator:47 - HHH000397: Using ASTQueryTranslatorFactory
  2017-01-16 12:14:58 WARN  SqlExceptionHelper:129 - SQL Error: 1146, SQLState: 42S02
  2017-01-16 12:14:58 ERROR SqlExceptionHelper:131 - Table 'library.book' doesn't exist
  2017-01-16 12:19:25 INFO  LogHelper:31 - HHH000204: Processing PersistenceUnitInfo [
	name: bookland_jpa
	...]
  2017-01-16 12:19:25 INFO  Version:45 - HHH000412: Hibernate Core {5.2.6.Final}
  2017-01-16 12:19:25 INFO  Environment:213 - HHH000206: hibernate.properties not found
  2017-01-16 12:19:25 INFO  Version:66 - HCANN000001: Hibernate Commons Annotations {5.0.1.Final}
  2017-01-16 12:19:26 WARN  pooling:70 - HHH10001002: Using Hibernate built-in connection pool (not for production use!)
  2017-01-16 12:19:26 INFO  pooling:126 - HHH10001005: using driver [com.mysql.jdbc.Driver] at URL [jdbc:mysql://localhost:3306/library?useSSL=false]
  2017-01-16 12:19:26 INFO  pooling:135 - HHH10001001: Connection properties: {user=library_admin, password=****}
  2017-01-16 12:19:26 INFO  pooling:140 - HHH10001003: Autocommit mode: false
  2017-01-16 12:19:26 INFO  DriverManagerConnectionProviderImpl:41 - HHH000115: Hibernate connection pool size: 20 (min=1)
  2017-01-16 12:19:26 INFO  Dialect:157 - HHH000400: Using dialect: org.hibernate.dialect.MySQLDialect
  2017-01-16 12:19:26 INFO  QueryTranslatorFactoryInitiator:47 - HHH000397: Using ASTQueryTranslatorFactory
  2017-01-16 12:20:09 INFO  LogHelper:31 - HHH000204: Processing PersistenceUnitInfo [
	name: bookland_jpa
	...]
  2017-01-16 12:20:09 INFO  Version:45 - HHH000412: Hibernate Core {5.2.6.Final}
  2017-01-16 12:20:09 INFO  Environment:213 - HHH000206: hibernate.properties not found
  2017-01-16 12:20:09 INFO  Version:66 - HCANN000001: Hibernate Commons Annotations {5.0.1.Final}
  2017-01-16 12:20:10 WARN  pooling:70 - HHH10001002: Using Hibernate built-in connection pool (not for production use!)
  2017-01-16 12:20:10 INFO  pooling:126 - HHH10001005: using driver [com.mysql.jdbc.Driver] at URL [jdbc:mysql://localhost:3306/library?useSSL=false]
  2017-01-16 12:20:10 INFO  pooling:135 - HHH10001001: Connection properties: {user=library_admin, password=****}
  2017-01-16 12:20:10 INFO  pooling:140 - HHH10001003: Autocommit mode: false
  2017-01-16 12:20:10 INFO  DriverManagerConnectionProviderImpl:41 - HHH000115: Hibernate connection pool size: 20 (min=1)
  2017-01-16 12:20:10 INFO  Dialect:157 - HHH000400: Using dialect: org.hibernate.dialect.MySQLDialect
  2017-01-16 12:20:10 INFO  QueryTranslatorFactoryInitiator:47 - HHH000397: Using ASTQueryTranslatorFactory
  2017-01-16 12:20:38 INFO  LogHelper:31 - HHH000204: Processing PersistenceUnitInfo [
	name: bookland_jpa
	...]
  2017-01-16 12:20:38 INFO  Version:45 - HHH000412: Hibernate Core {5.2.6.Final}
  2017-01-16 12:20:38 INFO  Environment:213 - HHH000206: hibernate.properties not found
  2017-01-16 12:20:38 INFO  Version:66 - HCANN000001: Hibernate Commons Annotations {5.0.1.Final}
  2017-01-16 12:20:38 WARN  pooling:70 - HHH10001002: Using Hibernate built-in connection pool (not for production use!)
  2017-01-16 12:20:38 INFO  pooling:126 - HHH10001005: using driver [com.mysql.jdbc.Driver] at URL [jdbc:mysql://localhost:3306/library?useSSL=false]
  2017-01-16 12:20:38 INFO  pooling:135 - HHH10001001: Connection properties: {user=library_admin, password=****}
  2017-01-16 12:20:38 INFO  pooling:140 - HHH10001003: Autocommit mode: false
  2017-01-16 12:20:38 INFO  DriverManagerConnectionProviderImpl:41 - HHH000115: Hibernate connection pool size: 20 (min=1)
  2017-01-16 12:20:38 INFO  Dialect:157 - HHH000400: Using dialect: org.hibernate.dialect.MySQLDialect
  2017-01-16 12:20:39 INFO  QueryTranslatorFactoryInitiator:47 - HHH000397: Using ASTQueryTranslatorFactory
  2017-01-16 12:51:15 INFO  LogHelper:31 - HHH000204: Processing PersistenceUnitInfo [
	name: bookland_jpa
	...]
  2017-01-16 12:51:15 INFO  Version:45 - HHH000412: Hibernate Core {5.2.6.Final}
  2017-01-16 12:51:15 INFO  Environment:213 - HHH000206: hibernate.properties not found
  2017-01-16 12:51:15 INFO  Version:66 - HCANN000001: Hibernate Commons Annotations {5.0.1.Final}
  2017-01-16 12:51:15 WARN  pooling:70 - HHH10001002: Using Hibernate built-in connection pool (not for production use!)
  2017-01-16 12:51:15 INFO  pooling:126 - HHH10001005: using driver [com.mysql.jdbc.Driver] at URL [jdbc:mysql://localhost:3306/library?useSSL=false]
  2017-01-16 12:51:15 INFO  pooling:135 - HHH10001001: Connection properties: {user=library_admin, password=****}
  2017-01-16 12:51:15 INFO  pooling:140 - HHH10001003: Autocommit mode: false
  2017-01-16 12:51:15 INFO  DriverManagerConnectionProviderImpl:41 - HHH000115: Hibernate connection pool size: 20 (min=1)
  2017-01-16 12:51:16 INFO  Dialect:157 - HHH000400: Using dialect: org.hibernate.dialect.MySQLDialect
  2017-01-16 12:51:16 INFO  QueryTranslatorFactoryInitiator:47 - HHH000397: Using ASTQueryTranslatorFactory
  2017-01-16 12:51:16 WARN  SqlExceptionHelper:129 - SQL Error: 1054, SQLState: 42S22
  2017-01-16 12:51:16 ERROR SqlExceptionHelper:131 - Unknown column 'book0_.copiesLeft' in 'field list'
  2017-01-16 12:53:03 INFO  LogHelper:31 - HHH000204: Processing PersistenceUnitInfo [
	name: bookland_jpa
	...]
  2017-01-16 12:53:03 INFO  Version:45 - HHH000412: Hibernate Core {5.2.6.Final}
  2017-01-16 12:53:03 INFO  Environment:213 - HHH000206: hibernate.properties not found
  2017-01-16 12:53:04 INFO  Version:66 - HCANN000001: Hibernate Commons Annotations {5.0.1.Final}
  2017-01-16 12:53:04 WARN  pooling:70 - HHH10001002: Using Hibernate built-in connection pool (not for production use!)
  2017-01-16 12:53:04 INFO  pooling:126 - HHH10001005: using driver [com.mysql.jdbc.Driver] at URL [jdbc:mysql://localhost:3306/library?useSSL=false]
  2017-01-16 12:53:04 INFO  pooling:135 - HHH10001001: Connection properties: {user=library_admin, password=****}
  2017-01-16 12:53:04 INFO  pooling:140 - HHH10001003: Autocommit mode: false
  2017-01-16 12:53:04 INFO  DriverManagerConnectionProviderImpl:41 - HHH000115: Hibernate connection pool size: 20 (min=1)
  2017-01-16 12:53:04 INFO  Dialect:157 - HHH000400: Using dialect: org.hibernate.dialect.MySQLDialect
  2017-01-16 12:53:04 INFO  QueryTranslatorFactoryInitiator:47 - HHH000397: Using ASTQueryTranslatorFactory
  2017-01-16 12:53:05 WARN  SqlExceptionHelper:129 - SQL Error: 1054, SQLState: 42S22
  2017-01-16 12:53:05 ERROR SqlExceptionHelper:131 - Unknown column 'book0_.copiesLeft' in 'field list'
  2017-01-16 12:53:13 INFO  LogHelper:31 - HHH000204: Processing PersistenceUnitInfo [
	name: bookland_jpa
	...]
  2017-01-16 12:53:13 INFO  Version:45 - HHH000412: Hibernate Core {5.2.6.Final}
  2017-01-16 12:53:13 INFO  Environment:213 - HHH000206: hibernate.properties not found
  2017-01-16 12:53:13 INFO  Version:66 - HCANN000001: Hibernate Commons Annotations {5.0.1.Final}
  2017-01-16 12:53:13 WARN  pooling:70 - HHH10001002: Using Hibernate built-in connection pool (not for production use!)
  2017-01-16 12:53:13 INFO  pooling:126 - HHH10001005: using driver [com.mysql.jdbc.Driver] at URL [jdbc:mysql://localhost:3306/library?useSSL=false]
  2017-01-16 12:53:13 INFO  pooling:135 - HHH10001001: Connection properties: {user=library_admin, password=****}
  2017-01-16 12:53:13 INFO  pooling:140 - HHH10001003: Autocommit mode: false
  2017-01-16 12:53:13 INFO  DriverManagerConnectionProviderImpl:41 - HHH000115: Hibernate connection pool size: 20 (min=1)
  2017-01-16 12:53:14 INFO  Dialect:157 - HHH000400: Using dialect: org.hibernate.dialect.MySQLDialect
  2017-01-16 12:53:14 INFO  QueryTranslatorFactoryInitiator:47 - HHH000397: Using ASTQueryTranslatorFactory
  2017-01-16 12:53:14 WARN  SqlExceptionHelper:129 - SQL Error: 1054, SQLState: 42S22
  2017-01-16 12:53:14 ERROR SqlExceptionHelper:131 - Unknown column 'book0_.copiesLeft' in 'field list'
  2017-01-16 12:55:40 INFO  LogHelper:31 - HHH000204: Processing PersistenceUnitInfo [
	name: bookland_jpa
	...]
  2017-01-16 12:55:41 INFO  Version:45 - HHH000412: Hibernate Core {5.2.6.Final}
  2017-01-16 12:55:41 INFO  Environment:213 - HHH000206: hibernate.properties not found
  2017-01-16 12:55:41 INFO  Version:66 - HCANN000001: Hibernate Commons Annotations {5.0.1.Final}
  2017-01-16 12:55:41 WARN  pooling:70 - HHH10001002: Using Hibernate built-in connection pool (not for production use!)
  2017-01-16 12:55:41 INFO  pooling:126 - HHH10001005: using driver [com.mysql.jdbc.Driver] at URL [jdbc:mysql://localhost:3306/library?useSSL=false]
  2017-01-16 12:55:41 INFO  pooling:135 - HHH10001001: Connection properties: {user=library_admin, password=****}
  2017-01-16 12:55:41 INFO  pooling:140 - HHH10001003: Autocommit mode: false
  2017-01-16 12:55:41 INFO  DriverManagerConnectionProviderImpl:41 - HHH000115: Hibernate connection pool size: 20 (min=1)
  2017-01-16 12:55:41 INFO  Dialect:157 - HHH000400: Using dialect: org.hibernate.dialect.MySQLDialect
  2017-01-16 12:55:41 INFO  QueryTranslatorFactoryInitiator:47 - HHH000397: Using ASTQueryTranslatorFactory
  2017-01-16 12:55:56 INFO  LogHelper:31 - HHH000204: Processing PersistenceUnitInfo [
	name: bookland_jpa
	...]
  2017-01-16 12:55:57 INFO  Version:45 - HHH000412: Hibernate Core {5.2.6.Final}
  2017-01-16 12:55:57 INFO  Environment:213 - HHH000206: hibernate.properties not found
  2017-01-16 12:55:57 INFO  Version:66 - HCANN000001: Hibernate Commons Annotations {5.0.1.Final}
  2017-01-16 12:55:57 WARN  pooling:70 - HHH10001002: Using Hibernate built-in connection pool (not for production use!)
  2017-01-16 12:55:57 INFO  pooling:126 - HHH10001005: using driver [com.mysql.jdbc.Driver] at URL [jdbc:mysql://localhost:3306/library?useSSL=false]
  2017-01-16 12:55:57 INFO  pooling:135 - HHH10001001: Connection properties: {user=library_admin, password=****}
  2017-01-16 12:55:57 INFO  pooling:140 - HHH10001003: Autocommit mode: false
  2017-01-16 12:55:57 INFO  DriverManagerConnectionProviderImpl:41 - HHH000115: Hibernate connection pool size: 20 (min=1)
  2017-01-16 12:55:57 INFO  Dialect:157 - HHH000400: Using dialect: org.hibernate.dialect.MySQLDialect
  2017-01-16 12:55:58 INFO  QueryTranslatorFactoryInitiator:47 - HHH000397: Using ASTQueryTranslatorFactory
  2017-01-16 15:59:43 INFO  LogHelper:31 - HHH000204: Processing PersistenceUnitInfo [
	name: bookland_jpa
	...]
  2017-01-16 15:59:43 INFO  Version:45 - HHH000412: Hibernate Core {5.2.6.Final}
  2017-01-16 15:59:43 INFO  Environment:213 - HHH000206: hibernate.properties not found
  2017-01-16 15:59:43 INFO  Version:66 - HCANN000001: Hibernate Commons Annotations {5.0.1.Final}
  2017-01-16 15:59:43 WARN  pooling:70 - HHH10001002: Using Hibernate built-in connection pool (not for production use!)
  2017-01-16 15:59:43 INFO  pooling:126 - HHH10001005: using driver [com.mysql.jdbc.Driver] at URL [jdbc:mysql://localhost:3306/library?useSSL=false]
  2017-01-16 15:59:43 INFO  pooling:135 - HHH10001001: Connection properties: {user=library_admin, password=****}
  2017-01-16 15:59:43 INFO  pooling:140 - HHH10001003: Autocommit mode: false
  2017-01-16 15:59:43 INFO  DriverManagerConnectionProviderImpl:41 - HHH000115: Hibernate connection pool size: 20 (min=1)
  2017-01-16 15:59:43 INFO  Dialect:157 - HHH000400: Using dialect: org.hibernate.dialect.MySQLDialect
  2017-01-16 15:59:44 INFO  QueryTranslatorFactoryInitiator:47 - HHH000397: Using ASTQueryTranslatorFactory
  2017-01-16 16:00:40 INFO  LogHelper:31 - HHH000204: Processing PersistenceUnitInfo [
	name: bookland_jpa
	...]
  2017-01-16 16:00:40 INFO  Version:45 - HHH000412: Hibernate Core {5.2.6.Final}
  2017-01-16 16:00:40 INFO  Environment:213 - HHH000206: hibernate.properties not found
  2017-01-16 16:00:40 INFO  Version:66 - HCANN000001: Hibernate Commons Annotations {5.0.1.Final}
  2017-01-16 16:00:40 WARN  pooling:70 - HHH10001002: Using Hibernate built-in connection pool (not for production use!)
  2017-01-16 16:00:40 INFO  pooling:126 - HHH10001005: using driver [com.mysql.jdbc.Driver] at URL [jdbc:mysql://localhost:3306/library?useSSL=false]
  2017-01-16 16:00:40 INFO  pooling:135 - HHH10001001: Connection properties: {user=library_admin, password=****}
  2017-01-16 16:00:40 INFO  pooling:140 - HHH10001003: Autocommit mode: false
  2017-01-16 16:00:40 INFO  DriverManagerConnectionProviderImpl:41 - HHH000115: Hibernate connection pool size: 20 (min=1)
  2017-01-16 16:00:41 INFO  Dialect:157 - HHH000400: Using dialect: org.hibernate.dialect.MySQLDialect
  2017-01-16 16:00:41 INFO  QueryTranslatorFactoryInitiator:47 - HHH000397: Using ASTQueryTranslatorFactory
  2017-01-16 16:01:06 INFO  LogHelper:31 - HHH000204: Processing PersistenceUnitInfo [
	name: bookland_jpa
	...]
  2017-01-16 16:01:06 INFO  Version:45 - HHH000412: Hibernate Core {5.2.6.Final}
  2017-01-16 16:01:06 INFO  Environment:213 - HHH000206: hibernate.properties not found
  2017-01-16 16:01:06 INFO  Version:66 - HCANN000001: Hibernate Commons Annotations {5.0.1.Final}
  2017-01-16 16:01:06 WARN  pooling:70 - HHH10001002: Using Hibernate built-in connection pool (not for production use!)
  2017-01-16 16:01:06 INFO  pooling:126 - HHH10001005: using driver [com.mysql.jdbc.Driver] at URL [jdbc:mysql://localhost:3306/library?useSSL=false]
  2017-01-16 16:01:06 INFO  pooling:135 - HHH10001001: Connection properties: {user=library_admin, password=****}
  2017-01-16 16:01:06 INFO  pooling:140 - HHH10001003: Autocommit mode: false
  2017-01-16 16:01:06 INFO  DriverManagerConnectionProviderImpl:41 - HHH000115: Hibernate connection pool size: 20 (min=1)
  2017-01-16 16:01:06 INFO  Dialect:157 - HHH000400: Using dialect: org.hibernate.dialect.MySQLDialect
  2017-01-16 16:01:07 INFO  QueryTranslatorFactoryInitiator:47 - HHH000397: Using ASTQueryTranslatorFactory
  2017-01-16 16:03:28 INFO  LogHelper:31 - HHH000204: Processing PersistenceUnitInfo [
	name: bookland_jpa
	...]
  2017-01-16 16:03:28 INFO  Version:45 - HHH000412: Hibernate Core {5.2.6.Final}
  2017-01-16 16:03:28 INFO  Environment:213 - HHH000206: hibernate.properties not found
  2017-01-16 16:03:28 INFO  Version:66 - HCANN000001: Hibernate Commons Annotations {5.0.1.Final}
  2017-01-16 16:03:28 WARN  pooling:70 - HHH10001002: Using Hibernate built-in connection pool (not for production use!)
  2017-01-16 16:03:28 INFO  pooling:126 - HHH10001005: using driver [com.mysql.jdbc.Driver] at URL [jdbc:mysql://localhost:3306/library?useSSL=false]
  2017-01-16 16:03:28 INFO  pooling:135 - HHH10001001: Connection properties: {user=library_admin, password=****}
  2017-01-16 16:03:28 INFO  pooling:140 - HHH10001003: Autocommit mode: false
  2017-01-16 16:03:28 INFO  DriverManagerConnectionProviderImpl:41 - HHH000115: Hibernate connection pool size: 20 (min=1)
  2017-01-16 16:03:28 INFO  Dialect:157 - HHH000400: Using dialect: org.hibernate.dialect.MySQLDialect
  2017-01-16 16:03:29 INFO  QueryTranslatorFactoryInitiator:47 - HHH000397: Using ASTQueryTranslatorFactory
  2017-01-16 16:04:36 INFO  LogHelper:31 - HHH000204: Processing PersistenceUnitInfo [
	name: bookland_jpa
	...]
  2017-01-16 16:04:36 INFO  Version:45 - HHH000412: Hibernate Core {5.2.6.Final}
  2017-01-16 16:04:36 INFO  Environment:213 - HHH000206: hibernate.properties not found
  2017-01-16 16:04:36 INFO  Version:66 - HCANN000001: Hibernate Commons Annotations {5.0.1.Final}
  2017-01-16 16:04:36 WARN  pooling:70 - HHH10001002: Using Hibernate built-in connection pool (not for production use!)
  2017-01-16 16:04:36 INFO  pooling:126 - HHH10001005: using driver [com.mysql.jdbc.Driver] at URL [jdbc:mysql://localhost:3306/library?useSSL=false]
  2017-01-16 16:04:36 INFO  pooling:135 - HHH10001001: Connection properties: {user=library_admin, password=****}
  2017-01-16 16:04:36 INFO  pooling:140 - HHH10001003: Autocommit mode: false
  2017-01-16 16:04:36 INFO  DriverManagerConnectionProviderImpl:41 - HHH000115: Hibernate connection pool size: 20 (min=1)
  2017-01-16 16:04:37 INFO  Dialect:157 - HHH000400: Using dialect: org.hibernate.dialect.MySQLDialect
  2017-01-16 16:04:37 INFO  QueryTranslatorFactoryInitiator:47 - HHH000397: Using ASTQueryTranslatorFactory
  2017-01-16 16:04:56 INFO  LogHelper:31 - HHH000204: Processing PersistenceUnitInfo [
	name: bookland_jpa
	...]
  2017-01-16 16:04:56 INFO  Version:45 - HHH000412: Hibernate Core {5.2.6.Final}
  2017-01-16 16:04:56 INFO  Environment:213 - HHH000206: hibernate.properties not found
  2017-01-16 16:04:56 INFO  Version:66 - HCANN000001: Hibernate Commons Annotations {5.0.1.Final}
  2017-01-16 16:04:56 WARN  pooling:70 - HHH10001002: Using Hibernate built-in connection pool (not for production use!)
  2017-01-16 16:04:56 INFO  pooling:126 - HHH10001005: using driver [com.mysql.jdbc.Driver] at URL [jdbc:mysql://localhost:3306/library?useSSL=false]
  2017-01-16 16:04:56 INFO  pooling:135 - HHH10001001: Connection properties: {user=library_admin, password=****}
  2017-01-16 16:04:56 INFO  pooling:140 - HHH10001003: Autocommit mode: false
  2017-01-16 16:04:56 INFO  DriverManagerConnectionProviderImpl:41 - HHH000115: Hibernate connection pool size: 20 (min=1)
  2017-01-16 16:04:56 INFO  Dialect:157 - HHH000400: Using dialect: org.hibernate.dialect.MySQLDialect
  2017-01-16 16:04:57 INFO  QueryTranslatorFactoryInitiator:47 - HHH000397: Using ASTQueryTranslatorFactory
  2017-01-16 16:05:07 INFO  LogHelper:31 - HHH000204: Processing PersistenceUnitInfo [
	name: bookland_jpa
	...]
  2017-01-16 16:05:07 INFO  Version:45 - HHH000412: Hibernate Core {5.2.6.Final}
  2017-01-16 16:05:07 INFO  Environment:213 - HHH000206: hibernate.properties not found
  2017-01-16 16:05:07 INFO  Version:66 - HCANN000001: Hibernate Commons Annotations {5.0.1.Final}
  2017-01-16 16:05:07 WARN  pooling:70 - HHH10001002: Using Hibernate built-in connection pool (not for production use!)
  2017-01-16 16:05:07 INFO  pooling:126 - HHH10001005: using driver [com.mysql.jdbc.Driver] at URL [jdbc:mysql://localhost:3306/library?useSSL=false]
  2017-01-16 16:05:07 INFO  pooling:135 - HHH10001001: Connection properties: {user=library_admin, password=****}
  2017-01-16 16:05:07 INFO  pooling:140 - HHH10001003: Autocommit mode: false
  2017-01-16 16:05:07 INFO  DriverManagerConnectionProviderImpl:41 - HHH000115: Hibernate connection pool size: 20 (min=1)
  2017-01-16 16:05:07 INFO  Dialect:157 - HHH000400: Using dialect: org.hibernate.dialect.MySQLDialect
  2017-01-16 16:05:08 INFO  QueryTranslatorFactoryInitiator:47 - HHH000397: Using ASTQueryTranslatorFactory
  2017-01-16 16:07:32 INFO  LogHelper:31 - HHH000204: Processing PersistenceUnitInfo [
	name: bookland_jpa
	...]
  2017-01-16 16:07:32 INFO  Version:45 - HHH000412: Hibernate Core {5.2.6.Final}
  2017-01-16 16:07:32 INFO  Environment:213 - HHH000206: hibernate.properties not found
  2017-01-16 16:07:32 INFO  Version:66 - HCANN000001: Hibernate Commons Annotations {5.0.1.Final}
  2017-01-16 16:07:32 WARN  pooling:70 - HHH10001002: Using Hibernate built-in connection pool (not for production use!)
  2017-01-16 16:07:32 INFO  pooling:126 - HHH10001005: using driver [com.mysql.jdbc.Driver] at URL [jdbc:mysql://localhost:3306/library?useSSL=false]
  2017-01-16 16:07:32 INFO  pooling:135 - HHH10001001: Connection properties: {user=library_admin, password=****}
  2017-01-16 16:07:32 INFO  pooling:140 - HHH10001003: Autocommit mode: false
  2017-01-16 16:07:32 INFO  DriverManagerConnectionProviderImpl:41 - HHH000115: Hibernate connection pool size: 20 (min=1)
  2017-01-16 16:07:33 INFO  Dialect:157 - HHH000400: Using dialect: org.hibernate.dialect.MySQLDialect
  2017-01-16 16:07:33 INFO  QueryTranslatorFactoryInitiator:47 - HHH000397: Using ASTQueryTranslatorFactory
  2017-01-16 16:07:51 INFO  LogHelper:31 - HHH000204: Processing PersistenceUnitInfo [
	name: bookland_jpa
	...]
  2017-01-16 16:07:51 INFO  Version:45 - HHH000412: Hibernate Core {5.2.6.Final}
  2017-01-16 16:07:51 INFO  Environment:213 - HHH000206: hibernate.properties not found
  2017-01-16 16:07:51 INFO  Version:66 - HCANN000001: Hibernate Commons Annotations {5.0.1.Final}
  2017-01-16 16:07:51 WARN  pooling:70 - HHH10001002: Using Hibernate built-in connection pool (not for production use!)
  2017-01-16 16:07:51 INFO  pooling:126 - HHH10001005: using driver [com.mysql.jdbc.Driver] at URL [jdbc:mysql://localhost:3306/library?useSSL=false]
  2017-01-16 16:07:51 INFO  pooling:135 - HHH10001001: Connection properties: {user=library_admin, password=****}
  2017-01-16 16:07:51 INFO  pooling:140 - HHH10001003: Autocommit mode: false
  2017-01-16 16:07:51 INFO  DriverManagerConnectionProviderImpl:41 - HHH000115: Hibernate connection pool size: 20 (min=1)
  2017-01-16 16:07:51 INFO  Dialect:157 - HHH000400: Using dialect: org.hibernate.dialect.MySQLDialect
  2017-01-16 16:07:52 INFO  QueryTranslatorFactoryInitiator:47 - HHH000397: Using ASTQueryTranslatorFactory
  2017-01-16 16:10:48 INFO  LogHelper:31 - HHH000204: Processing PersistenceUnitInfo [
	name: bookland_jpa
	...]
  2017-01-16 16:10:48 INFO  Version:45 - HHH000412: Hibernate Core {5.2.6.Final}
  2017-01-16 16:10:48 INFO  Environment:213 - HHH000206: hibernate.properties not found
  2017-01-16 16:10:48 INFO  Version:66 - HCANN000001: Hibernate Commons Annotations {5.0.1.Final}
  2017-01-16 16:10:48 WARN  pooling:70 - HHH10001002: Using Hibernate built-in connection pool (not for production use!)
  2017-01-16 16:10:48 INFO  pooling:126 - HHH10001005: using driver [com.mysql.jdbc.Driver] at URL [jdbc:mysql://localhost:3306/library?useSSL=false]
  2017-01-16 16:10:48 INFO  pooling:135 - HHH10001001: Connection properties: {user=library_admin, password=****}
  2017-01-16 16:10:48 INFO  pooling:140 - HHH10001003: Autocommit mode: false
  2017-01-16 16:10:48 INFO  DriverManagerConnectionProviderImpl:41 - HHH000115: Hibernate connection pool size: 20 (min=1)
  2017-01-16 16:10:48 INFO  Dialect:157 - HHH000400: Using dialect: org.hibernate.dialect.MySQLDialect
  2017-01-16 16:10:49 INFO  QueryTranslatorFactoryInitiator:47 - HHH000397: Using ASTQueryTranslatorFactory
  2017-01-16 16:11:06 INFO  LogHelper:31 - HHH000204: Processing PersistenceUnitInfo [
	name: bookland_jpa
	...]
  2017-01-16 16:11:06 INFO  Version:45 - HHH000412: Hibernate Core {5.2.6.Final}
  2017-01-16 16:11:06 INFO  Environment:213 - HHH000206: hibernate.properties not found
  2017-01-16 16:11:06 INFO  Version:66 - HCANN000001: Hibernate Commons Annotations {5.0.1.Final}
  2017-01-16 16:11:06 WARN  pooling:70 - HHH10001002: Using Hibernate built-in connection pool (not for production use!)
  2017-01-16 16:11:06 INFO  pooling:126 - HHH10001005: using driver [com.mysql.jdbc.Driver] at URL [jdbc:mysql://localhost:3306/library?useSSL=false]
  2017-01-16 16:11:06 INFO  pooling:135 - HHH10001001: Connection properties: {user=library_admin, password=****}
  2017-01-16 16:11:06 INFO  pooling:140 - HHH10001003: Autocommit mode: false
  2017-01-16 16:11:06 INFO  DriverManagerConnectionProviderImpl:41 - HHH000115: Hibernate connection pool size: 20 (min=1)
  2017-01-16 16:11:06 INFO  Dialect:157 - HHH000400: Using dialect: org.hibernate.dialect.MySQLDialect
  2017-01-16 16:11:07 INFO  QueryTranslatorFactoryInitiator:47 - HHH000397: Using ASTQueryTranslatorFactory
  2017-01-16 16:13:27 INFO  LogHelper:31 - HHH000204: Processing PersistenceUnitInfo [
	name: bookland_jpa
	...]
  2017-01-16 16:13:27 INFO  Version:45 - HHH000412: Hibernate Core {5.2.6.Final}
  2017-01-16 16:13:27 INFO  Environment:213 - HHH000206: hibernate.properties not found
  2017-01-16 16:13:27 INFO  Version:66 - HCANN000001: Hibernate Commons Annotations {5.0.1.Final}
  2017-01-16 16:13:27 WARN  pooling:70 - HHH10001002: Using Hibernate built-in connection pool (not for production use!)
  2017-01-16 16:13:27 INFO  pooling:126 - HHH10001005: using driver [com.mysql.jdbc.Driver] at URL [jdbc:mysql://localhost:3306/library?useSSL=false]
  2017-01-16 16:13:27 INFO  pooling:135 - HHH10001001: Connection properties: {user=library_admin, password=****}
  2017-01-16 16:13:27 INFO  pooling:140 - HHH10001003: Autocommit mode: false
  2017-01-16 16:13:27 INFO  DriverManagerConnectionProviderImpl:41 - HHH000115: Hibernate connection pool size: 20 (min=1)
  2017-01-16 16:13:27 INFO  Dialect:157 - HHH000400: Using dialect: org.hibernate.dialect.MySQLDialect
  2017-01-16 16:13:28 INFO  QueryTranslatorFactoryInitiator:47 - HHH000397: Using ASTQueryTranslatorFactory
  2017-01-16 16:14:20 INFO  LogHelper:31 - HHH000204: Processing PersistenceUnitInfo [
	name: bookland_jpa
	...]
  2017-01-16 16:14:20 INFO  Version:45 - HHH000412: Hibernate Core {5.2.6.Final}
  2017-01-16 16:14:20 INFO  Environment:213 - HHH000206: hibernate.properties not found
  2017-01-16 16:14:20 INFO  Version:66 - HCANN000001: Hibernate Commons Annotations {5.0.1.Final}
  2017-01-16 16:14:20 WARN  pooling:70 - HHH10001002: Using Hibernate built-in connection pool (not for production use!)
  2017-01-16 16:14:20 INFO  pooling:126 - HHH10001005: using driver [com.mysql.jdbc.Driver] at URL [jdbc:mysql://localhost:3306/library?useSSL=false]
  2017-01-16 16:14:20 INFO  pooling:135 - HHH10001001: Connection properties: {user=library_admin, password=****}
  2017-01-16 16:14:20 INFO  pooling:140 - HHH10001003: Autocommit mode: false
  2017-01-16 16:14:20 INFO  DriverManagerConnectionProviderImpl:41 - HHH000115: Hibernate connection pool size: 20 (min=1)
  2017-01-16 16:14:21 INFO  Dialect:157 - HHH000400: Using dialect: org.hibernate.dialect.MySQLDialect
  2017-01-16 16:14:21 INFO  QueryTranslatorFactoryInitiator:47 - HHH000397: Using ASTQueryTranslatorFactory
  2017-01-16 16:16:46 INFO  LogHelper:31 - HHH000204: Processing PersistenceUnitInfo [
	name: bookland_jpa
	...]
  2017-01-16 16:16:46 INFO  Version:45 - HHH000412: Hibernate Core {5.2.6.Final}
  2017-01-16 16:16:46 INFO  Environment:213 - HHH000206: hibernate.properties not found
  2017-01-16 16:16:46 INFO  Version:66 - HCANN000001: Hibernate Commons Annotations {5.0.1.Final}
  2017-01-16 16:16:46 WARN  pooling:70 - HHH10001002: Using Hibernate built-in connection pool (not for production use!)
  2017-01-16 16:16:46 INFO  pooling:126 - HHH10001005: using driver [com.mysql.jdbc.Driver] at URL [jdbc:mysql://localhost:3306/library?useSSL=false]
  2017-01-16 16:16:46 INFO  pooling:135 - HHH10001001: Connection properties: {user=library_admin, password=****}
  2017-01-16 16:16:46 INFO  pooling:140 - HHH10001003: Autocommit mode: false
  2017-01-16 16:16:46 INFO  DriverManagerConnectionProviderImpl:41 - HHH000115: Hibernate connection pool size: 20 (min=1)
  2017-01-16 16:16:46 INFO  Dialect:157 - HHH000400: Using dialect: org.hibernate.dialect.MySQLDialect
  2017-01-16 16:16:47 INFO  QueryTranslatorFactoryInitiator:47 - HHH000397: Using ASTQueryTranslatorFactory
  2017-01-16 16:18:40 INFO  LogHelper:31 - HHH000204: Processing PersistenceUnitInfo [
	name: bookland_jpa
	...]
  2017-01-16 16:18:41 INFO  Version:45 - HHH000412: Hibernate Core {5.2.6.Final}
  2017-01-16 16:18:41 INFO  Environment:213 - HHH000206: hibernate.properties not found
  2017-01-16 16:18:41 INFO  Version:66 - HCANN000001: Hibernate Commons Annotations {5.0.1.Final}
  2017-01-16 16:18:41 WARN  pooling:70 - HHH10001002: Using Hibernate built-in connection pool (not for production use!)
  2017-01-16 16:18:41 INFO  pooling:126 - HHH10001005: using driver [com.mysql.jdbc.Driver] at URL [jdbc:mysql://localhost:3306/library?useSSL=false]
  2017-01-16 16:18:41 INFO  pooling:135 - HHH10001001: Connection properties: {user=library_admin, password=****}
  2017-01-16 16:18:41 INFO  pooling:140 - HHH10001003: Autocommit mode: false
  2017-01-16 16:18:41 INFO  DriverManagerConnectionProviderImpl:41 - HHH000115: Hibernate connection pool size: 20 (min=1)
  2017-01-16 16:18:41 INFO  Dialect:157 - HHH000400: Using dialect: org.hibernate.dialect.MySQLDialect
  2017-01-16 16:18:42 INFO  QueryTranslatorFactoryInitiator:47 - HHH000397: Using ASTQueryTranslatorFactory
  2017-01-16 16:18:52 INFO  LogHelper:31 - HHH000204: Processing PersistenceUnitInfo [
	name: bookland_jpa
	...]
  2017-01-16 16:18:52 INFO  Version:45 - HHH000412: Hibernate Core {5.2.6.Final}
  2017-01-16 16:18:52 INFO  Environment:213 - HHH000206: hibernate.properties not found
  2017-01-16 16:18:52 INFO  Version:66 - HCANN000001: Hibernate Commons Annotations {5.0.1.Final}
  2017-01-16 16:18:53 WARN  pooling:70 - HHH10001002: Using Hibernate built-in connection pool (not for production use!)
  2017-01-16 16:18:53 INFO  pooling:126 - HHH10001005: using driver [com.mysql.jdbc.Driver] at URL [jdbc:mysql://localhost:3306/library?useSSL=false]
  2017-01-16 16:18:53 INFO  pooling:135 - HHH10001001: Connection properties: {user=library_admin, password=****}
  2017-01-16 16:18:53 INFO  pooling:140 - HHH10001003: Autocommit mode: false
  2017-01-16 16:18:53 INFO  DriverManagerConnectionProviderImpl:41 - HHH000115: Hibernate connection pool size: 20 (min=1)
  2017-01-16 16:18:53 INFO  Dialect:157 - HHH000400: Using dialect: org.hibernate.dialect.MySQLDialect
  2017-01-16 16:18:53 INFO  QueryTranslatorFactoryInitiator:47 - HHH000397: Using ASTQueryTranslatorFactory
  2017-01-16 16:54:47 INFO  LogHelper:31 - HHH000204: Processing PersistenceUnitInfo [
	name: bookland_jpa
	...]
  2017-01-16 16:54:48 INFO  Version:45 - HHH000412: Hibernate Core {5.2.6.Final}
  2017-01-16 16:54:48 INFO  Environment:213 - HHH000206: hibernate.properties not found
  2017-01-16 16:54:48 INFO  Version:66 - HCANN000001: Hibernate Commons Annotations {5.0.1.Final}
  2017-01-16 16:54:48 WARN  pooling:70 - HHH10001002: Using Hibernate built-in connection pool (not for production use!)
  2017-01-16 16:54:48 INFO  pooling:126 - HHH10001005: using driver [com.mysql.jdbc.Driver] at URL [jdbc:mysql://localhost:3306/library?useSSL=false]
  2017-01-16 16:54:48 INFO  pooling:135 - HHH10001001: Connection properties: {user=library_admin, password=****}
  2017-01-16 16:54:48 INFO  pooling:140 - HHH10001003: Autocommit mode: false
  2017-01-16 16:54:48 INFO  DriverManagerConnectionProviderImpl:41 - HHH000115: Hibernate connection pool size: 20 (min=1)
  2017-01-16 16:54:48 INFO  Dialect:157 - HHH000400: Using dialect: org.hibernate.dialect.MySQLDialect
  2017-01-16 16:54:49 INFO  QueryTranslatorFactoryInitiator:47 - HHH000397: Using ASTQueryTranslatorFactory
  2017-01-16 16:57:04 INFO  LogHelper:31 - HHH000204: Processing PersistenceUnitInfo [
	name: bookland_jpa
	...]
  2017-01-16 16:57:04 INFO  Version:45 - HHH000412: Hibernate Core {5.2.6.Final}
  2017-01-16 16:57:04 INFO  Environment:213 - HHH000206: hibernate.properties not found
  2017-01-16 16:57:04 INFO  Version:66 - HCANN000001: Hibernate Commons Annotations {5.0.1.Final}
  2017-01-16 16:57:04 WARN  pooling:70 - HHH10001002: Using Hibernate built-in connection pool (not for production use!)
  2017-01-16 16:57:04 INFO  pooling:126 - HHH10001005: using driver [com.mysql.jdbc.Driver] at URL [jdbc:mysql://localhost:3306/library?useSSL=false]
  2017-01-16 16:57:04 INFO  pooling:135 - HHH10001001: Connection properties: {user=library_admin, password=****}
  2017-01-16 16:57:04 INFO  pooling:140 - HHH10001003: Autocommit mode: false
  2017-01-16 16:57:04 INFO  DriverManagerConnectionProviderImpl:41 - HHH000115: Hibernate connection pool size: 20 (min=1)
  2017-01-16 16:57:04 INFO  Dialect:157 - HHH000400: Using dialect: org.hibernate.dialect.MySQLDialect
  2017-01-16 16:57:05 INFO  QueryTranslatorFactoryInitiator:47 - HHH000397: Using ASTQueryTranslatorFactory
  2017-01-16 16:57:42 INFO  LogHelper:31 - HHH000204: Processing PersistenceUnitInfo [
	name: bookland_jpa
	...]
  2017-01-16 16:57:43 INFO  Version:45 - HHH000412: Hibernate Core {5.2.6.Final}
  2017-01-16 16:57:43 INFO  Environment:213 - HHH000206: hibernate.properties not found
  2017-01-16 16:57:43 INFO  Version:66 - HCANN000001: Hibernate Commons Annotations {5.0.1.Final}
  2017-01-16 16:57:43 WARN  pooling:70 - HHH10001002: Using Hibernate built-in connection pool (not for production use!)
  2017-01-16 16:57:43 INFO  pooling:126 - HHH10001005: using driver [com.mysql.jdbc.Driver] at URL [jdbc:mysql://localhost:3306/library?useSSL=false]
  2017-01-16 16:57:43 INFO  pooling:135 - HHH10001001: Connection properties: {user=library_admin, password=****}
  2017-01-16 16:57:43 INFO  pooling:140 - HHH10001003: Autocommit mode: false
  2017-01-16 16:57:43 INFO  DriverManagerConnectionProviderImpl:41 - HHH000115: Hibernate connection pool size: 20 (min=1)
  2017-01-16 16:57:43 INFO  Dialect:157 - HHH000400: Using dialect: org.hibernate.dialect.MySQLDialect
  2017-01-16 16:57:44 INFO  QueryTranslatorFactoryInitiator:47 - HHH000397: Using ASTQueryTranslatorFactory
  2017-01-16 16:58:23 INFO  LogHelper:31 - HHH000204: Processing PersistenceUnitInfo [
	name: bookland_jpa
	...]
  2017-01-16 16:58:23 INFO  Version:45 - HHH000412: Hibernate Core {5.2.6.Final}
  2017-01-16 16:58:23 INFO  Environment:213 - HHH000206: hibernate.properties not found
  2017-01-16 16:58:23 INFO  Version:66 - HCANN000001: Hibernate Commons Annotations {5.0.1.Final}
  2017-01-16 16:58:23 WARN  pooling:70 - HHH10001002: Using Hibernate built-in connection pool (not for production use!)
  2017-01-16 16:58:23 INFO  pooling:126 - HHH10001005: using driver [com.mysql.jdbc.Driver] at URL [jdbc:mysql://localhost:3306/library?useSSL=false]
  2017-01-16 16:58:23 INFO  pooling:135 - HHH10001001: Connection properties: {user=library_admin, password=****}
  2017-01-16 16:58:23 INFO  pooling:140 - HHH10001003: Autocommit mode: false
  2017-01-16 16:58:23 INFO  DriverManagerConnectionProviderImpl:41 - HHH000115: Hibernate connection pool size: 20 (min=1)
  2017-01-16 16:58:24 INFO  Dialect:157 - HHH000400: Using dialect: org.hibernate.dialect.MySQLDialect
  2017-01-16 16:58:24 INFO  QueryTranslatorFactoryInitiator:47 - HHH000397: Using ASTQueryTranslatorFactory
  2017-01-16 16:58:47 INFO  LogHelper:31 - HHH000204: Processing PersistenceUnitInfo [
	name: bookland_jpa
	...]
  2017-01-16 16:58:47 INFO  Version:45 - HHH000412: Hibernate Core {5.2.6.Final}
  2017-01-16 16:58:47 INFO  Environment:213 - HHH000206: hibernate.properties not found
  2017-01-16 16:58:47 INFO  Version:66 - HCANN000001: Hibernate Commons Annotations {5.0.1.Final}
  2017-01-16 16:58:47 WARN  pooling:70 - HHH10001002: Using Hibernate built-in connection pool (not for production use!)
  2017-01-16 16:58:47 INFO  pooling:126 - HHH10001005: using driver [com.mysql.jdbc.Driver] at URL [jdbc:mysql://localhost:3306/library?useSSL=false]
  2017-01-16 16:58:47 INFO  pooling:135 - HHH10001001: Connection properties: {user=library_admin, password=****}
  2017-01-16 16:58:47 INFO  pooling:140 - HHH10001003: Autocommit mode: false
  2017-01-16 16:58:47 INFO  DriverManagerConnectionProviderImpl:41 - HHH000115: Hibernate connection pool size: 20 (min=1)
  2017-01-16 16:58:47 INFO  Dialect:157 - HHH000400: Using dialect: org.hibernate.dialect.MySQLDialect
  2017-01-16 16:58:48 INFO  QueryTranslatorFactoryInitiator:47 - HHH000397: Using ASTQueryTranslatorFactory
  2017-01-16 16:59:26 INFO  LogHelper:31 - HHH000204: Processing PersistenceUnitInfo [
	name: bookland_jpa
	...]
  2017-01-16 16:59:26 INFO  Version:45 - HHH000412: Hibernate Core {5.2.6.Final}
  2017-01-16 16:59:26 INFO  Environment:213 - HHH000206: hibernate.properties not found
  2017-01-16 16:59:26 INFO  Version:66 - HCANN000001: Hibernate Commons Annotations {5.0.1.Final}
  2017-01-16 16:59:26 WARN  pooling:70 - HHH10001002: Using Hibernate built-in connection pool (not for production use!)
  2017-01-16 16:59:26 INFO  pooling:126 - HHH10001005: using driver [com.mysql.jdbc.Driver] at URL [jdbc:mysql://localhost:3306/library?useSSL=false]
  2017-01-16 16:59:26 INFO  pooling:135 - HHH10001001: Connection properties: {user=library_admin, password=****}
  2017-01-16 16:59:26 INFO  pooling:140 - HHH10001003: Autocommit mode: false
  2017-01-16 16:59:26 INFO  DriverManagerConnectionProviderImpl:41 - HHH000115: Hibernate connection pool size: 20 (min=1)
  2017-01-16 16:59:27 INFO  Dialect:157 - HHH000400: Using dialect: org.hibernate.dialect.MySQLDialect
  2017-01-16 16:59:27 INFO  QueryTranslatorFactoryInitiator:47 - HHH000397: Using ASTQueryTranslatorFactory
  